TN:
SF:src/common/index.ts
FNF:0
FNH:0
DA:8,0
DA:9,0
DA:10,0
DA:11,0
DA:12,0
DA:13,0
DA:14,0
DA:15,0
LF:8
LH:0
BRF:0
BRH:0
end_of_record
TN:
SF:src/common/database/database-config.service.ts
FN:32,(anonymous_2)
FN:37,(anonymous_3)
FN:83,(anonymous_4)
FN:113,(anonymous_5)
FN:120,(anonymous_6)
FN:163,(anonymous_7)
FN:176,(anonymous_8)
FN:192,(anonymous_9)
FNF:8
FNH:0
FNDA:0,(anonymous_2)
FNDA:0,(anonymous_3)
FNDA:0,(anonymous_4)
FNDA:0,(anonymous_5)
FNDA:0,(anonymous_6)
FNDA:0,(anonymous_7)
FNDA:0,(anonymous_8)
FNDA:0,(anonymous_9)
DA:8,0
DA:9,0
DA:31,0
DA:32,0
DA:38,0
DA:41,0
DA:77,0
DA:84,0
DA:86,0
DA:107,0
DA:114,0
DA:121,0
DA:122,0
DA:124,0
DA:164,0
DA:165,0
DA:170,0
DA:177,0
DA:179,0
DA:180,0
DA:186,0
DA:193,0
LF:22
LH:0
BRDA:77,0,0,0
BRDA:77,0,1,0
BRDA:107,1,0,0
BRDA:107,1,1,0
BRDA:170,2,0,0
BRDA:170,2,1,0
BRDA:179,3,0,0
BRF:7
BRH:0
end_of_record
TN:
SF:src/common/database/database-health.service.ts
FN:42,(anonymous_2)
FN:52,(anonymous_3)
FN:82,(anonymous_4)
FN:154,(anonymous_5)
FN:168,(anonymous_6)
FN:181,(anonymous_7)
FN:209,(anonymous_8)
FN:216,(anonymous_9)
FN:223,(anonymous_10)
FN:234,(anonymous_11)
FN:263,(anonymous_12)
FNF:11
FNH:0
FNDA:0,(anonymous_2)
FNDA:0,(anonymous_3)
FNDA:0,(anonymous_4)
FNDA:0,(anonymous_5)
FNDA:0,(anonymous_6)
FNDA:0,(anonymous_7)
FNDA:0,(anonymous_8)
FNDA:0,(anonymous_9)
FNDA:0,(anonymous_10)
FNDA:0,(anonymous_11)
FNDA:0,(anonymous_12)
DA:8,0
DA:9,0
DA:10,0
DA:37,0
DA:38,0
DA:43,0
DA:44,0
DA:46,0
DA:53,0
DA:76,0
DA:83,0
DA:84,0
DA:86,0
DA:88,0
DA:89,0
DA:90,0
DA:93,0
DA:96,0
DA:99,0
DA:106,0
DA:121,0
DA:123,0
DA:127,0
DA:129,0
DA:131,0
DA:146,0
DA:147,0
DA:157,0
DA:171,0
DA:187,0
DA:188,0
DA:191,0
DA:192,0
DA:195,0
DA:196,0
DA:199,0
DA:200,0
DA:203,0
DA:210,0
DA:217,0
DA:224,0
DA:225,0
DA:226,0
DA:228,0
DA:235,0
DA:236,0
DA:237,0
DA:238,0
DA:240,0
DA:263,0
LF:50
LH:0
BRDA:187,0,0,0
BRDA:191,1,0,0
BRDA:195,2,0,0
BRDA:199,3,0,0
BRDA:247,4,0,0
BRDA:247,4,1,0
BRDA:263,5,0,0
BRDA:263,5,1,0
BRF:8
BRH:0
end_of_record
TN:
SF:src/common/database/index.ts
FNF:0
FNH:0
DA:7,0
DA:8,0
DA:9,0
LF:3
LH:0
BRF:0
BRH:0
end_of_record
TN:
SF:src/common/decorators/index.ts
FN:16,(anonymous_0)
FN:29,(anonymous_1)
FN:44,(anonymous_2)
FN:54,(anonymous_3)
FN:64,(anonymous_4)
FN:70,(anonymous_5)
FN:76,(anonymous_6)
FN:82,(anonymous_7)
FN:88,(anonymous_8)
FN:94,(anonymous_9)
FN:100,(anonymous_10)
FN:106,(anonymous_11)
FN:112,(anonymous_12)
FN:118,(anonymous_13)
FN:129,(anonymous_14)
FNF:15
FNH:1
FNDA:0,(anonymous_0)
FNDA:0,(anonymous_1)
FNDA:0,(anonymous_2)
FNDA:0,(anonymous_3)
FNDA:1,(anonymous_4)
FNDA:0,(anonymous_5)
FNDA:0,(anonymous_6)
FNDA:0,(anonymous_7)
FNDA:0,(anonymous_8)
FNDA:0,(anonymous_9)
FNDA:0,(anonymous_10)
FNDA:0,(anonymous_11)
FNDA:0,(anonymous_12)
FNDA:0,(anonymous_13)
FNDA:0,(anonymous_14)
DA:8,1
DA:15,1
DA:17,0
DA:18,0
DA:21,0
DA:28,1
DA:30,0
DA:33,0
DA:43,1
DA:45,0
DA:46,0
DA:53,1
DA:55,0
DA:56,0
DA:64,1
DA:70,1
DA:76,1
DA:82,1
DA:88,1
DA:94,1
DA:100,1
DA:106,1
DA:112,1
DA:118,1
DA:123,0
DA:129,1
LF:26
LH:16
BRDA:21,0,0,0
BRDA:21,0,1,0
BRDA:33,1,0,0
BRDA:33,1,1,0
BRDA:33,1,2,0
BRDA:33,1,3,0
BRDA:46,2,0,0
BRDA:46,2,1,0
BRDA:123,3,0,0
BRDA:123,3,1,0
BRF:10
BRH:0
end_of_record
TN:
SF:src/common/exceptions/business.exceptions.ts
FN:14,(anonymous_0)
FN:40,(anonymous_1)
FN:49,(anonymous_2)
FN:58,(anonymous_3)
FN:67,(anonymous_4)
FN:76,(anonymous_5)
FN:85,(anonymous_6)
FN:94,(anonymous_7)
FN:103,(anonymous_8)
FN:112,(anonymous_9)
FN:121,(anonymous_10)
FN:130,(anonymous_11)
FN:139,(anonymous_12)
FN:148,(anonymous_13)
FN:157,(anonymous_14)
FN:166,(anonymous_15)
FN:175,(anonymous_16)
FN:184,(anonymous_17)
FN:193,(anonymous_18)
FNF:19
FNH:19
FNDA:59,(anonymous_0)
FNDA:1,(anonymous_1)
FNDA:3,(anonymous_2)
FNDA:1,(anonymous_3)
FNDA:1,(anonymous_4)
FNDA:19,(anonymous_5)
FNDA:1,(anonymous_6)
FNDA:1,(anonymous_7)
FNDA:1,(anonymous_8)
FNDA:4,(anonymous_9)
FNDA:1,(anonymous_10)
FNDA:6,(anonymous_11)
FNDA:1,(anonymous_12)
FNDA:1,(anonymous_13)
FNDA:1,(anonymous_14)
FNDA:2,(anonymous_15)
FNDA:1,(anonymous_16)
FNDA:8,(anonymous_17)
FNDA:1,(anonymous_18)
DA:8,9
DA:13,9
DA:15,59
DA:17,59
DA:18,59
DA:20,59
DA:39,9
DA:41,1
DA:48,9
DA:50,3
DA:57,9
DA:59,1
DA:66,9
DA:68,1
DA:75,9
DA:77,19
DA:84,9
DA:86,1
DA:93,9
DA:95,1
DA:102,9
DA:104,1
DA:111,9
DA:113,4
DA:120,9
DA:122,1
DA:129,9
DA:131,6
DA:138,9
DA:140,1
DA:147,9
DA:149,1
DA:156,9
DA:158,1
DA:165,9
DA:167,2
DA:174,9
DA:176,1
DA:183,9
DA:185,8
DA:192,9
DA:194,1
LF:42
LH:42
BRDA:17,0,0,3
BRDA:40,1,0,0
BRDA:49,2,0,0
BRDA:58,3,0,0
BRDA:67,4,0,0
BRDA:76,5,0,0
BRDA:85,6,0,0
BRDA:94,7,0,0
BRDA:103,8,0,0
BRDA:112,9,0,0
BRDA:121,10,0,0
BRDA:166,11,0,0
BRDA:175,12,0,0
BRDA:184,13,0,0
BRDA:193,14,0,0
BRF:15
BRH:1
end_of_record
TN:
SF:src/common/file-upload/file-upload.controller.ts
FN:36,(anonymous_4)
FN:49,(anonymous_5)
FN:71,(anonymous_6)
FN:80,(anonymous_7)
FN:97,(anonymous_8)
FN:115,(anonymous_9)
FN:127,(anonymous_10)
FN:140,(anonymous_11)
FN:156,(anonymous_12)
FNF:9
FNH:0
FNDA:0,(anonymous_4)
FNDA:0,(anonymous_5)
FNDA:0,(anonymous_6)
FNDA:0,(anonymous_7)
FNDA:0,(anonymous_8)
FNDA:0,(anonymous_9)
FNDA:0,(anonymous_10)
FNDA:0,(anonymous_11)
FNDA:0,(anonymous_12)
DA:8,0
DA:21,0
DA:22,0
DA:23,0
DA:24,0
DA:25,0
DA:35,0
DA:36,0
DA:49,0
DA:53,0
DA:54,0
DA:57,0
DA:71,0
DA:75,0
DA:76,0
DA:79,0
DA:80,0
DA:83,0
DA:97,0
DA:101,0
DA:102,0
DA:105,0
DA:115,0
DA:116,0
DA:127,0
DA:128,0
DA:129,0
DA:140,0
DA:141,0
DA:142,0
DA:143,0
DA:145,0
DA:156,0
DA:157,0
DA:158,0
LF:35
LH:0
BRDA:53,0,0,0
BRDA:75,1,0,0
BRDA:75,2,0,0
BRDA:75,2,1,0
BRDA:101,3,0,0
BRDA:142,4,0,0
BRF:6
BRH:0
end_of_record
TN:
SF:src/common/file-upload/file-upload.interceptor.ts
FN:26,(anonymous_2)
FN:34,(anonymous_3)
FN:54,(anonymous_4)
FN:61,(anonymous_5)
FN:83,(anonymous_6)
FN:85,(anonymous_7)
FNF:6
FNH:0
FNDA:0,(anonymous_2)
FNDA:0,(anonymous_3)
FNDA:0,(anonymous_4)
FNDA:0,(anonymous_5)
FNDA:0,(anonymous_6)
FNDA:0,(anonymous_7)
DA:8,0
DA:16,0
DA:17,0
DA:25,0
DA:27,0
DA:28,0
DA:35,0
DA:38,0
DA:39,0
DA:42,0
DA:43,0
DA:44,0
DA:46,0
DA:48,0
DA:49,0
DA:53,0
DA:54,0
DA:58,0
DA:60,0
DA:63,0
DA:64,0
DA:69,0
DA:73,0
DA:82,0
DA:83,0
DA:86,0
DA:87,0
DA:89,0
DA:90,0
DA:93,0
DA:94,0
DA:97,0
DA:99,0
DA:101,0
DA:104,0
DA:105,0
DA:107,0
DA:109,0
LF:38
LH:0
BRDA:28,0,0,0
BRDA:38,1,0,0
BRDA:38,2,0,0
BRDA:38,2,1,0
BRDA:38,3,0,0
BRDA:38,3,1,0
BRDA:42,4,0,0
BRDA:42,4,1,0
BRDA:44,5,0,0
BRDA:44,5,1,0
BRDA:48,6,0,0
BRDA:48,7,0,0
BRDA:48,7,1,0
BRDA:58,8,0,0
BRDA:58,8,1,0
BRDA:63,9,0,0
BRDA:89,10,0,0
BRDA:93,11,0,0
BRDA:93,12,0,0
BRDA:93,12,1,0
BRF:20
BRH:0
end_of_record
TN:
SF:src/common/file-upload/file-upload.service.ts
FN:40,(anonymous_2)
FN:60,(anonymous_3)
FN:72,(anonymous_4)
FN:88,(anonymous_5)
FN:100,(anonymous_6)
FN:112,(anonymous_7)
FN:127,(anonymous_8)
FN:175,(anonymous_9)
FN:189,(anonymous_10)
FN:207,(anonymous_11)
FN:231,(anonymous_12)
FN:250,(anonymous_13)
FN:263,(anonymous_14)
FN:285,(anonymous_15)
FNF:14
FNH:0
FNDA:0,(anonymous_2)
FNDA:0,(anonymous_3)
FNDA:0,(anonymous_4)
FNDA:0,(anonymous_5)
FNDA:0,(anonymous_6)
FNDA:0,(anonymous_7)
FNDA:0,(anonymous_8)
FNDA:0,(anonymous_9)
FNDA:0,(anonymous_10)
FNDA:0,(anonymous_11)
FNDA:0,(anonymous_12)
FNDA:0,(anonymous_13)
FNDA:0,(anonymous_14)
FNDA:0,(anonymous_15)
DA:8,0
DA:9,0
DA:10,0
DA:11,0
DA:12,0
DA:33,0
DA:34,0
DA:40,0
DA:41,0
DA:42,0
DA:43,0
DA:52,0
DA:54,0
DA:61,0
DA:62,0
DA:64,0
DA:65,0
DA:74,0
DA:75,0
DA:79,0
DA:80,0
DA:82,0
DA:89,0
DA:99,0
DA:100,0
DA:101,0
DA:102,0
DA:106,0
DA:113,0
DA:114,0
DA:115,0
DA:116,0
DA:119,0
DA:121,0
DA:129,0
DA:130,0
DA:131,0
DA:135,0
DA:136,0
DA:140,0
DA:141,0
DA:142,0
DA:144,0
DA:146,0
DA:149,0
DA:152,0
DA:154,0
DA:163,0
DA:165,0
DA:167,0
DA:168,0
DA:176,0
DA:183,0
DA:190,0
DA:191,0
DA:192,0
DA:193,0
DA:195,0
DA:196,0
DA:198,0
DA:199,0
DA:208,0
DA:209,0
DA:210,0
DA:212,0
DA:221,0
DA:222,0
DA:224,0
DA:232,0
DA:233,0
DA:244,0
DA:251,0
DA:252,0
DA:253,0
DA:254,0
DA:256,0
DA:268,0
DA:269,0
DA:270,0
DA:271,0
DA:273,0
DA:274,0
DA:275,0
DA:276,0
DA:277,0
DA:279,0
DA:280,0
DA:284,0
DA:285,0
DA:290,0
DA:291,0
LF:91
LH:0
BRDA:74,0,0,0
BRDA:74,1,0,0
BRDA:74,1,1,0
BRDA:101,2,0,0
BRDA:129,3,0,0
BRDA:129,3,1,0
BRDA:130,4,0,0
BRDA:135,5,0,0
BRDA:140,6,0,0
BRDA:140,6,1,0
BRDA:141,7,0,0
BRDA:141,7,1,0
BRDA:195,8,0,0
BRDA:195,8,1,0
BRDA:221,9,0,0
BRDA:244,10,0,0
BRDA:244,10,1,0
BRDA:274,11,0,0
BRDA:280,12,0,0
BRDA:280,12,1,0
BRF:20
BRH:0
end_of_record
TN:
SF:src/common/file-upload/index.ts
FNF:0
FNH:0
DA:7,0
DA:8,0
DA:9,0
DA:10,0
LF:4
LH:0
BRF:0
BRH:0
end_of_record
TN:
SF:src/common/filters/global-exception.filter.ts
FN:22,(anonymous_1)
FN:25,(anonymous_2)
FN:115,(anonymous_3)
FN:148,(anonymous_4)
FN:159,(anonymous_5)
FNF:5
FNH:0
FNDA:0,(anonymous_1)
FNDA:0,(anonymous_2)
FNDA:0,(anonymous_3)
FNDA:0,(anonymous_4)
FNDA:0,(anonymous_5)
DA:8,0
DA:17,0
DA:18,0
DA:19,0
DA:22,0
DA:23,0
DA:26,0
DA:27,0
DA:28,0
DA:30,0
DA:33,0
DA:35,0
DA:37,0
DA:39,0
DA:40,0
DA:42,0
DA:47,0
DA:49,0
DA:50,0
DA:52,0
DA:53,0
DA:55,0
DA:56,0
DA:57,0
DA:58,0
DA:60,0
DA:63,0
DA:67,0
DA:69,0
DA:70,0
DA:71,0
DA:78,0
DA:79,0
DA:81,0
DA:84,0
DA:85,0
DA:93,0
DA:95,0
DA:98,0
DA:101,0
DA:103,0
DA:116,0
DA:129,0
DA:130,0
DA:131,0
DA:132,0
DA:133,0
DA:134,0
DA:136,0
DA:138,0
DA:139,0
DA:141,0
DA:149,0
DA:160,0
DA:161,0
DA:164,0
DA:175,0
DA:186,0
DA:196,0
DA:206,0
DA:207,0
DA:217,0
LF:62
LH:0
BRDA:37,0,0,0
BRDA:37,0,1,0
BRDA:47,1,0,0
BRDA:47,1,1,0
BRDA:55,2,0,0
BRDA:55,2,1,0
BRDA:57,3,0,0
BRDA:57,3,1,0
BRDA:58,4,0,0
BRDA:58,4,1,0
BRDA:67,5,0,0
BRDA:67,5,1,0
BRDA:78,6,0,0
BRDA:78,6,1,0
BRDA:79,7,0,0
BRDA:79,7,1,0
BRDA:84,8,0,0
BRDA:106,9,0,0
BRDA:106,9,1,0
BRDA:122,10,0,0
BRDA:122,10,1,0
BRDA:129,11,0,0
BRDA:129,11,1,0
BRDA:131,12,0,0
BRDA:131,12,1,0
BRDA:133,13,0,0
BRDA:133,13,1,0
BRDA:138,14,0,0
BRDA:138,14,1,0
BRDA:149,15,0,0
BRDA:149,15,1,0
BRDA:149,15,2,0
BRDA:149,15,3,0
BRDA:149,15,4,0
BRDA:160,16,0,0
BRDA:160,16,1,0
BRDA:161,17,0,0
BRDA:161,17,1,0
BRDA:161,17,2,0
BRDA:161,17,3,0
BRDA:206,18,0,0
BRDA:206,18,1,0
BRF:42
BRH:0
end_of_record
TN:
SF:src/common/guards/admin.guard.ts
FN:10,(anonymous_2)
FN:17,(anonymous_3)
FNF:2
FNH:0
FNDA:0,(anonymous_2)
FNDA:0,(anonymous_3)
DA:1,0
DA:2,0
DA:9,0
DA:10,0
DA:18,0
DA:19,0
DA:21,0
DA:22,0
DA:25,0
DA:26,0
DA:28,0
DA:30,0
DA:31,0
DA:34,0
LF:14
LH:0
BRDA:21,0,0,0
BRDA:25,1,0,0
BRDA:25,1,1,0
BRDA:26,2,0,0
BRDA:26,2,1,0
BRDA:28,3,0,0
BRDA:28,3,1,0
BRDA:28,3,2,0
BRDA:30,4,0,0
BRF:9
BRH:0
end_of_record
TN:
SF:src/common/guards/jwt-auth.guard.ts
FN:22,(anonymous_4)
FN:29,(anonymous_5)
FN:91,(anonymous_6)
FN:123,(anonymous_7)
FN:155,(anonymous_8)
FNF:5
FNH:0
FNDA:0,(anonymous_4)
FNDA:0,(anonymous_5)
FNDA:0,(anonymous_6)
FNDA:0,(anonymous_7)
FNDA:0,(anonymous_8)
DA:8,1
DA:9,1
DA:10,1
DA:11,1
DA:14,1
DA:15,1
DA:16,1
DA:19,1
DA:20,0
DA:23,0
DA:24,0
DA:25,0
DA:26,0
DA:31,0
DA:32,0
DA:33,0
DA:36,0
DA:38,0
DA:40,0
DA:42,0
DA:51,0
DA:55,0
DA:58,0
DA:60,0
DA:61,0
DA:65,0
DA:66,0
DA:70,0
DA:72,0
DA:74,0
DA:80,0
DA:83,0
DA:84,0
DA:92,0
DA:93,0
DA:94,0
DA:97,0
DA:99,0
DA:100,0
DA:103,0
DA:105,0
DA:106,0
DA:109,0
DA:124,0
DA:126,0
DA:127,0
DA:129,0
DA:130,0
DA:133,0
DA:137,0
DA:138,0
DA:139,0
DA:140,0
DA:141,0
DA:142,0
DA:144,0
DA:156,0
DA:159,0
DA:163,0
DA:178,0
DA:180,0
DA:182,0
DA:185,0
DA:186,0
DA:188,0
DA:189,0
DA:190,0
DA:192,0
DA:193,0
DA:198,0
DA:199,0
DA:200,0
DA:201,0
DA:204,0
LF:74
LH:8
BRDA:32,0,0,0
BRDA:42,1,0,0
BRDA:60,2,0,0
BRDA:65,3,0,0
BRDA:74,4,0,0
BRDA:93,5,0,0
BRDA:99,6,0,0
BRDA:105,7,0,0
BRDA:105,8,0,0
BRDA:105,8,1,0
BRDA:129,9,0,0
BRDA:137,10,0,0
BRDA:137,10,1,0
BRDA:139,11,0,0
BRDA:139,11,1,0
BRDA:141,12,0,0
BRDA:141,12,1,0
BRDA:159,13,0,0
BRDA:159,13,1,0
BRDA:178,14,0,0
BRDA:180,15,0,0
BRDA:180,15,1,0
BRDA:180,15,2,0
BRDA:182,16,0,0
BRDA:182,16,1,0
BRDA:185,17,0,0
BRDA:185,18,0,0
BRDA:185,18,1,0
BRDA:185,18,2,0
BRDA:186,19,0,0
BRDA:186,19,1,0
BRDA:186,20,0,0
BRDA:186,20,1,0
BRDA:190,21,0,0
BRDA:190,22,0,0
BRDA:190,22,1,0
BRF:36
BRH:0
end_of_record
TN:
SF:src/common/guards/roles.guard.ts
FN:20,(anonymous_2)
FN:27,(anonymous_3)
FN:48,(anonymous_4)
FN:67,(anonymous_5)
FN:74,(anonymous_6)
FN:97,(anonymous_7)
FNF:6
FNH:0
FNDA:0,(anonymous_2)
FNDA:0,(anonymous_3)
FNDA:0,(anonymous_4)
FNDA:0,(anonymous_5)
FNDA:0,(anonymous_6)
FNDA:0,(anonymous_7)
DA:8,1
DA:9,1
DA:17,1
DA:18,0
DA:20,0
DA:29,0
DA:32,0
DA:33,0
DA:37,0
DA:38,0
DA:41,0
DA:42,0
DA:43,0
DA:47,0
DA:48,0
DA:50,0
DA:51,0
DA:54,0
DA:57,0
DA:66,1
DA:67,0
DA:76,0
DA:82,0
DA:83,0
DA:87,0
DA:88,0
DA:91,0
DA:92,0
DA:96,0
DA:97,0
DA:98,0
DA:101,0
LF:32
LH:4
BRDA:32,0,0,0
BRDA:32,1,0,0
BRDA:32,1,1,0
BRDA:41,2,0,0
BRDA:47,3,0,0
BRDA:47,3,1,0
BRDA:50,4,0,0
BRDA:82,5,0,0
BRDA:82,6,0,0
BRDA:82,6,1,0
BRDA:91,7,0,0
BRDA:96,8,0,0
BRDA:96,8,1,0
BRF:13
BRH:0
end_of_record
TN:
SF:src/common/interceptors/transform.interceptor.ts
FN:20,(anonymous_1)
FN:23,(anonymous_2)
FN:31,(anonymous_3)
FNF:3
FNH:0
FNDA:0,(anonymous_1)
FNDA:0,(anonymous_2)
FNDA:0,(anonymous_3)
DA:8,1
DA:16,1
DA:17,1
DA:20,1
DA:21,0
DA:24,0
DA:25,0
DA:28,0
DA:30,0
DA:32,0
DA:35,0
DA:37,0
DA:38,0
DA:42,0
DA:45,0
DA:48,0
DA:52,0
LF:17
LH:4
BRDA:35,0,0,0
BRDA:35,1,0,0
BRDA:35,1,1,0
BRDA:35,1,2,0
BRDA:35,1,3,0
BRF:5
BRH:0
end_of_record
TN:
SF:src/common/middleware/csrf.middleware.ts
FN:12,(anonymous_0)
FN:21,(anonymous_1)
FNF:2
FNH:0
FNDA:0,(anonymous_0)
FNDA:0,(anonymous_1)
DA:2,0
DA:4,0
DA:5,0
DA:12,0
DA:13,0
DA:14,0
DA:15,0
DA:16,0
DA:18,0
DA:21,0
DA:22,0
DA:23,0
DA:24,0
DA:27,0
DA:28,0
DA:29,0
DA:32,0
DA:33,0
DA:34,0
DA:36,0
DA:37,0
DA:42,0
DA:45,0
LF:23
LH:0
BRDA:15,0,0,0
BRDA:22,1,0,0
BRDA:27,2,0,0
BRDA:34,3,0,0
BRDA:34,3,1,0
BRDA:36,4,0,0
BRDA:36,5,0,0
BRDA:36,5,1,0
BRDA:36,5,2,0
BRF:9
BRH:0
end_of_record
TN:
SF:src/common/pipes/validation.pipe.ts
FN:16,createValidationPipe
FN:34,(anonymous_2)
FN:46,formatValidationErrors
FN:49,(anonymous_4)
FN:72,(anonymous_5)
FN:94,(anonymous_6)
FN:104,(anonymous_7)
FNF:7
FNH:0
FNDA:0,createValidationPipe
FNDA:0,(anonymous_2)
FNDA:0,formatValidationErrors
FNDA:0,(anonymous_4)
FNDA:0,(anonymous_5)
FNDA:0,(anonymous_6)
FNDA:0,(anonymous_7)
DA:8,0
DA:10,0
DA:16,0
DA:17,0
DA:35,0
DA:36,0
DA:47,0
DA:49,0
DA:50,0
DA:52,0
DA:55,0
DA:57,0
DA:61,0
DA:68,0
DA:71,0
DA:73,0
DA:74,0
DA:78,0
DA:79,0
DA:80,0
DA:81,0
DA:83,0
DA:86,0
DA:96,0
DA:106,0
DA:107,0
LF:26
LH:0
BRDA:50,0,0,0
BRDA:55,1,0,0
BRDA:55,2,0,0
BRDA:55,2,1,0
BRDA:73,3,0,0
BRDA:73,4,0,0
BRDA:73,4,1,0
BRDA:78,5,0,0
BRDA:78,6,0,0
BRDA:78,6,1,0
BRDA:80,7,0,0
BRF:11
BRH:0
end_of_record
TN:
SF:src/common/prisma/prisma.service.ts
FN:19,(anonymous_2)
FN:31,(anonymous_3)
FN:61,(anonymous_4)
FN:75,(anonymous_5)
FN:89,(anonymous_6)
FNF:5
FNH:0
FNDA:0,(anonymous_2)
FNDA:0,(anonymous_3)
FNDA:0,(anonymous_4)
FNDA:0,(anonymous_5)
FNDA:0,(anonymous_6)
DA:7,1
DA:8,1
DA:17,1
DA:21,0
DA:32,0
DA:34,0
DA:35,0
DA:38,0
DA:40,0
DA:41,0
DA:42,0
DA:44,0
DA:48,0
DA:50,0
DA:52,0
DA:53,0
DA:62,0
DA:63,0
DA:64,0
DA:66,0
DA:76,0
DA:77,0
DA:78,0
DA:80,0
DA:81,0
DA:90,0
DA:91,0
DA:95,0
DA:97,0
DA:98,0
LF:30
LH:3
BRDA:38,0,0,0
BRDA:90,1,0,0
BRF:2
BRH:0
end_of_record
TN:
SF:src/common/utils/masking.util.ts
FN:12,(anonymous_0)
FN:37,(anonymous_1)
FNF:2
FNH:2
FNDA:28,(anonymous_0)
FNDA:23,(anonymous_1)
DA:6,7
DA:13,28
DA:16,21
DA:19,21
DA:20,8
DA:24,13
DA:25,12
DA:29,1
DA:38,23
DA:40,6
DA:41,6
DA:42,1
DA:45,5
DA:49,5
DA:50,1
DA:51,4
DA:52,3
DA:54,1
DA:58,5
DA:60,5
LF:20
LH:20
BRDA:13,0,0,7
BRDA:19,1,0,8
BRDA:19,2,0,21
BRDA:19,2,1,8
BRDA:24,3,0,12
BRDA:38,4,0,17
BRDA:41,5,0,1
BRDA:49,6,0,1
BRDA:49,6,1,4
BRDA:51,7,0,3
BRDA:51,7,1,1
BRF:11
BRH:11
end_of_record
TN:
SF:src/common/websocket/index.ts
FNF:0
FNH:0
DA:7,0
DA:8,0
DA:9,0
DA:10,0
LF:4
LH:0
BRF:0
BRH:0
end_of_record
TN:
SF:src/common/websocket/notification.controller.ts
FN:38,(anonymous_4)
FN:48,(anonymous_5)
FN:65,(anonymous_6)
FN:77,(anonymous_7)
FN:93,(anonymous_8)
FN:107,(anonymous_9)
FN:124,(anonymous_10)
FN:139,(anonymous_11)
FN:157,(anonymous_12)
FNF:9
FNH:0
FNDA:0,(anonymous_4)
FNDA:0,(anonymous_5)
FNDA:0,(anonymous_6)
FNDA:0,(anonymous_7)
FNDA:0,(anonymous_8)
FNDA:0,(anonymous_9)
FNDA:0,(anonymous_10)
FNDA:0,(anonymous_11)
FNDA:0,(anonymous_12)
DA:8,0
DA:21,0
DA:22,0
DA:23,0
DA:24,0
DA:25,0
DA:26,0
DA:27,0
DA:37,0
DA:38,0
DA:48,0
DA:49,0
DA:65,0
DA:66,0
DA:77,0
DA:81,0
DA:82,0
DA:83,0
DA:93,0
DA:94,0
DA:95,0
DA:96,0
DA:107,0
DA:111,0
DA:112,0
DA:113,0
DA:124,0
DA:125,0
DA:126,0
DA:127,0
DA:139,0
DA:140,0
DA:145,0
DA:157,0
DA:158,0
DA:159,0
DA:160,0
LF:37
LH:0
BRDA:143,0,0,0
BRDA:143,0,1,0
BRF:2
BRH:0
end_of_record
TN:
SF:src/common/websocket/websocket.gateway.ts
FN:98,(anonymous_4)
FN:107,(anonymous_5)
FN:115,(anonymous_6)
FN:155,(anonymous_7)
FN:169,(anonymous_8)
FN:189,(anonymous_9)
FN:217,(anonymous_10)
FN:235,(anonymous_11)
FN:249,(anonymous_12)
FN:258,(anonymous_13)
FN:269,(anonymous_14)
FN:299,(anonymous_15)
FN:307,(anonymous_16)
FN:316,(anonymous_17)
FN:67,(anonymous_18)
FN:70,(anonymous_19)
FNF:16
FNH:0
FNDA:0,(anonymous_4)
FNDA:0,(anonymous_5)
FNDA:0,(anonymous_6)
FNDA:0,(anonymous_7)
FNDA:0,(anonymous_8)
FNDA:0,(anonymous_9)
FNDA:0,(anonymous_10)
FNDA:0,(anonymous_11)
FNDA:0,(anonymous_12)
FNDA:0,(anonymous_13)
FNDA:0,(anonymous_14)
FNDA:0,(anonymous_15)
FNDA:0,(anonymous_16)
FNDA:0,(anonymous_17)
FNDA:0,(anonymous_18)
FNDA:0,(anonymous_19)
DA:8,0
DA:18,0
DA:19,0
DA:20,0
DA:21,0
DA:22,0
DA:69,0
DA:70,0
DA:71,0
DA:72,0
DA:76,0
DA:78,0
DA:79,0
DA:81,0
DA:89,0
DA:93,0
DA:95,0
DA:96,0
DA:99,0
DA:100,0
DA:108,0
DA:116,0
DA:117,0
DA:119,0
DA:120,0
DA:121,0
DA:122,0
DA:125,0
DA:129,0
DA:130,0
DA:131,0
DA:133,0
DA:134,0
DA:137,0
DA:144,0
DA:146,0
DA:147,0
DA:156,0
DA:157,0
DA:158,0
DA:169,0
DA:173,0
DA:176,0
DA:189,0
DA:194,0
DA:197,0
DA:198,0
DA:199,0
DA:203,0
DA:217,0
DA:224,0
DA:236,0
DA:237,0
DA:238,0
DA:239,0
DA:241,0
DA:250,0
DA:259,0
DA:260,0
DA:270,0
DA:275,0
DA:287,0
DA:288,0
DA:291,0
DA:300,0
DA:308,0
DA:317,0
LF:67
LH:0
BRDA:117,0,0,0
BRDA:117,0,1,0
BRDA:119,1,0,0
BRDA:156,2,0,0
BRDA:197,3,0,0
BRDA:197,4,0,0
BRDA:197,4,1,0
BRDA:205,5,0,0
BRDA:205,5,1,0
BRDA:237,6,0,0
BRDA:237,6,1,0
BRDA:70,7,0,0
BRDA:70,8,0,0
BRDA:70,8,1,0
BRDA:76,9,0,0
BRDA:76,9,1,0
BRDA:78,10,0,0
BRDA:78,10,1,0
BRF:18
BRH:0
end_of_record
TN:
SF:src/common/websocket/websocket.service.ts
FN:22,(anonymous_2)
FN:32,(anonymous_3)
FN:74,(anonymous_4)
FN:111,(anonymous_5)
FN:136,(anonymous_6)
FN:158,(anonymous_7)
FN:193,(anonymous_8)
FN:225,(anonymous_9)
FN:236,(anonymous_10)
FN:247,(anonymous_11)
FN:259,(anonymous_12)
FN:269,(anonymous_13)
FN:289,(anonymous_14)
FN:311,(anonymous_15)
FN:334,(anonymous_16)
FN:354,(anonymous_17)
FN:362,(anonymous_18)
FN:371,(anonymous_19)
FN:375,(anonymous_20)
FNF:19
FNH:0
FNDA:0,(anonymous_2)
FNDA:0,(anonymous_3)
FNDA:0,(anonymous_4)
FNDA:0,(anonymous_5)
FNDA:0,(anonymous_6)
FNDA:0,(anonymous_7)
FNDA:0,(anonymous_8)
FNDA:0,(anonymous_9)
FNDA:0,(anonymous_10)
FNDA:0,(anonymous_11)
FNDA:0,(anonymous_12)
FNDA:0,(anonymous_13)
FNDA:0,(anonymous_14)
FNDA:0,(anonymous_15)
FNDA:0,(anonymous_16)
FNDA:0,(anonymous_17)
FNDA:0,(anonymous_18)
FNDA:0,(anonymous_19)
FNDA:0,(anonymous_20)
DA:8,0
DA:9,0
DA:10,0
DA:12,0
DA:19,0
DA:20,0
DA:23,0
DA:24,0
DA:33,0
DA:35,0
DA:47,0
DA:58,0
DA:60,0
DA:62,0
DA:63,0
DA:80,0
DA:87,0
DA:88,0
DA:90,0
DA:118,0
DA:143,0
DA:159,0
DA:160,0
DA:162,0
DA:163,0
DA:164,0
DA:165,0
DA:167,0
DA:168,0
DA:171,0
DA:172,0
DA:175,0
DA:176,0
DA:178,0
DA:180,0
DA:181,0
DA:184,0
DA:191,0
DA:193,0
DA:194,0
DA:195,0
DA:197,0
DA:198,0
DA:201,0
DA:204,0
DA:212,0
DA:213,0
DA:215,0
DA:216,0
DA:226,0
DA:237,0
DA:248,0
DA:260,0
DA:270,0
DA:271,0
DA:273,0
DA:280,0
DA:295,0
DA:297,0
DA:298,0
DA:319,0
DA:322,0
DA:333,0
DA:334,0
DA:345,0
DA:347,0
DA:355,0
DA:363,0
DA:372,0
DA:376,0
LF:70
LH:0
BRDA:41,0,0,0
BRDA:41,0,1,0
BRDA:55,1,0,0
BRDA:55,1,1,0
BRDA:115,2,0,0
BRDA:160,3,0,0
BRDA:160,4,0,0
BRDA:162,5,0,0
BRDA:162,5,1,0
BRDA:163,6,0,0
BRDA:163,6,1,0
BRDA:167,7,0,0
BRDA:171,8,0,0
BRDA:171,9,0,0
BRDA:171,9,1,0
BRDA:175,10,0,0
BRDA:292,11,0,0
BRDA:297,12,0,0
BRDA:316,13,0,0
BRDA:319,14,0,0
BRDA:339,15,0,0
BRDA:339,15,1,0
BRF:22
BRH:0
end_of_record
TN:
SF:src/common/websocket/guards/ws-jwt.guard.ts
FN:15,(anonymous_2)
FN:20,(anonymous_3)
FN:58,(anonymous_4)
FNF:3
FNH:0
FNDA:0,(anonymous_2)
FNDA:0,(anonymous_3)
FNDA:0,(anonymous_4)
DA:8,0
DA:9,0
DA:10,0
DA:14,0
DA:16,0
DA:17,0
DA:23,0
DA:24,0
DA:26,0
DA:28,0
DA:30,0
DA:31,0
DA:35,0
DA:40,0
DA:41,0
DA:43,0
DA:45,0
DA:46,0
DA:47,0
DA:48,0
DA:50,0
DA:60,0
DA:61,0
DA:65,0
DA:66,0
DA:70,0
DA:71,0
DA:72,0
DA:73,0
DA:77,0
LF:30
LH:0
BRDA:30,0,0,0
BRDA:45,1,0,0
BRDA:45,1,1,0
BRDA:47,2,0,0
BRDA:47,2,1,0
BRDA:60,3,0,0
BRDA:65,4,0,0
BRDA:70,5,0,0
BRDA:72,6,0,0
BRF:9
BRH:0
end_of_record
TN:
SF:src/modules/main.ts
FN:17,bootstrap
FNF:1
FNH:0
FNDA:0,bootstrap
DA:8,0
DA:9,0
DA:10,0
DA:11,0
DA:12,0
DA:18,0
DA:24,0
DA:36,0
DA:41,0
DA:49,0
DA:56,0
DA:57,0
DA:64,0
DA:67,0
DA:69,0
DA:78,0
LF:16
LH:0
BRDA:42,0,0,0
BRDA:42,0,1,0
BRDA:64,1,0,0
BRDA:64,1,1,0
BRF:4
BRH:0
end_of_record
TN:
SF:src/modules/auth/auth.controller.ts
FN:43,(anonymous_4)
FN:60,(anonymous_5)
FN:80,(anonymous_6)
FN:100,(anonymous_7)
FN:121,(anonymous_8)
FN:149,(anonymous_9)
FN:175,(anonymous_10)
FN:191,(anonymous_11)
FN:212,(anonymous_12)
FN:217,(anonymous_13)
FN:259,(anonymous_14)
FNF:11
FNH:0
FNDA:0,(anonymous_4)
FNDA:0,(anonymous_5)
FNDA:0,(anonymous_6)
FNDA:0,(anonymous_7)
FNDA:0,(anonymous_8)
FNDA:0,(anonymous_9)
FNDA:0,(anonymous_10)
FNDA:0,(anonymous_11)
FNDA:0,(anonymous_12)
FNDA:0,(anonymous_13)
FNDA:0,(anonymous_14)
DA:8,0
DA:23,0
DA:24,0
DA:25,0
DA:26,0
DA:27,0
DA:28,0
DA:29,0
DA:30,0
DA:31,0
DA:33,0
DA:42,0
DA:44,0
DA:45,0
DA:60,0
DA:64,0
DA:65,0
DA:66,0
DA:80,0
DA:84,0
DA:85,0
DA:86,0
DA:100,0
DA:103,0
DA:107,0
DA:121,0
DA:127,0
DA:129,0
DA:130,0
DA:133,0
DA:134,0
DA:135,0
DA:149,0
DA:155,0
DA:156,0
DA:157,0
DA:159,0
DA:160,0
DA:161,0
DA:162,0
DA:175,0
DA:176,0
DA:177,0
DA:191,0
DA:192,0
DA:212,0
DA:213,0
DA:214,0
DA:218,0
DA:219,0
DA:220,0
DA:221,0
DA:222,0
DA:223,0
DA:224,0
DA:231,0
DA:237,0
DA:238,0
DA:241,0
DA:245,0
DA:249,0
DA:260,0
DA:261,0
DA:264,0
DA:265,0
DA:266,0
DA:269,0
DA:270,0
DA:271,0
DA:274,0
DA:275,0
DA:276,0
DA:277,0
DA:278,0
DA:279,0
LF:75
LH:0
BRDA:127,0,0,0
BRDA:127,0,1,0
BRDA:129,1,0,0
BRDA:219,2,0,0
BRDA:219,2,1,0
BRDA:220,3,0,0
BRDA:220,3,1,0
BRDA:221,4,0,0
BRDA:221,4,1,0
BRDA:237,5,0,0
BRDA:254,6,0,0
BRDA:254,6,1,0
BRDA:260,7,0,0
BRDA:265,8,0,0
BRDA:270,9,0,0
BRDA:276,10,0,0
BRDA:277,11,0,0
BRDA:278,12,0,0
BRF:18
BRH:0
end_of_record
TN:
SF:src/modules/auth/auth.service.ts
FN:34,(anonymous_4)
FN:47,(anonymous_5)
FN:106,(anonymous_6)
FN:167,(anonymous_7)
FN:219,(anonymous_8)
FN:271,(anonymous_9)
FN:290,(anonymous_10)
FN:321,(anonymous_11)
FN:353,(anonymous_12)
FN:388,(anonymous_13)
FN:407,(anonymous_14)
FN:423,(anonymous_15)
FN:450,(anonymous_16)
FN:461,(anonymous_17)
FN:486,(anonymous_18)
FN:495,(anonymous_19)
FN:513,(anonymous_20)
FNF:17
FNH:13
FNDA:13,(anonymous_4)
FNDA:4,(anonymous_5)
FNDA:2,(anonymous_6)
FNDA:0,(anonymous_7)
FNDA:4,(anonymous_8)
FNDA:1,(anonymous_9)
FNDA:1,(anonymous_10)
FNDA:1,(anonymous_11)
FNDA:2,(anonymous_12)
FNDA:0,(anonymous_13)
FNDA:2,(anonymous_14)
FNDA:4,(anonymous_15)
FNDA:0,(anonymous_16)
FNDA:6,(anonymous_17)
FNDA:1,(anonymous_18)
FNDA:1,(anonymous_19)
FNDA:0,(anonymous_20)
DA:8,1
DA:9,1
DA:10,1
DA:12,1
DA:13,1
DA:14,1
DA:15,1
DA:25,1
DA:26,1
DA:27,1
DA:28,1
DA:31,1
DA:32,13
DA:35,13
DA:36,13
DA:37,13
DA:38,13
DA:39,13
DA:48,4
DA:50,4
DA:55,3
DA:56,0
DA:60,3
DA:62,3
DA:63,1
DA:67,2
DA:68,1
DA:72,1
DA:74,1
DA:76,1
DA:90,3
DA:93,3
DA:96,0
DA:97,0
DA:107,2
DA:109,2
DA:114,2
DA:115,0
DA:119,2
DA:120,2
DA:121,1
DA:125,1
DA:134,1
DA:136,1
DA:138,1
DA:152,1
DA:154,1
DA:157,0
DA:158,0
DA:168,0
DA:170,0
DA:171,0
DA:173,0
DA:174,0
DA:178,0
DA:183,0
DA:185,0
DA:186,0
DA:190,0
DA:192,0
DA:194,0
DA:208,0
DA:209,0
DA:220,4
DA:222,4
DA:225,4
DA:227,2
DA:228,1
DA:230,2
DA:232,2
DA:234,1
DA:237,1
DA:238,1
DA:243,1
DA:246,1
DA:249,1
DA:251,1
DA:253,3
DA:257,3
DA:259,0
DA:260,0
DA:272,1
DA:274,1
DA:276,1
DA:277,1
DA:279,1
DA:281,0
DA:282,0
DA:291,1
DA:292,1
DA:293,0
DA:297,1
DA:302,1
DA:303,1
DA:304,1
DA:306,1
DA:308,1
DA:309,1
DA:313,0
DA:322,1
DA:323,1
DA:324,0
DA:328,1
DA:333,1
DA:334,1
DA:335,1
DA:337,1
DA:339,1
DA:340,1
DA:344,0
DA:354,2
DA:355,2
DA:369,2
DA:370,1
DA:373,1
DA:375,1
DA:376,1
DA:377,1
DA:379,0
DA:389,0
DA:390,0
DA:395,0
DA:397,0
DA:398,0
DA:411,2
DA:419,2
DA:420,2
DA:423,2
DA:424,4
DA:425,4
DA:428,2
DA:439,2
DA:452,0
DA:465,6
DA:466,6
DA:468,6
DA:469,0
DA:472,6
DA:473,1
DA:477,5
DA:479,5
DA:487,1
DA:496,1
DA:500,1
DA:503,1
DA:504,1
DA:514,0
DA:515,0
DA:519,0
DA:520,0
LF:150
LH:110
BRDA:55,0,0,0
BRDA:62,1,0,1
BRDA:67,2,0,1
BRDA:80,3,0,1
BRDA:80,3,1,0
BRDA:90,4,0,3
BRDA:90,5,0,3
BRDA:90,5,1,2
BRDA:90,5,2,1
BRDA:114,6,0,0
BRDA:120,7,0,1
BRDA:142,8,0,1
BRDA:142,8,1,0
BRDA:152,9,0,1
BRDA:152,10,0,1
BRDA:152,10,1,1
BRDA:173,11,0,0
BRDA:185,12,0,0
BRDA:185,13,0,0
BRDA:185,13,1,0
BRDA:198,14,0,0
BRDA:198,14,1,0
BRDA:225,15,0,2
BRDA:225,15,1,2
BRDA:227,16,0,1
BRDA:230,17,0,2
BRDA:232,18,0,1
BRDA:237,19,0,1
BRDA:253,20,0,3
BRDA:253,21,0,3
BRDA:253,21,1,2
BRDA:253,21,2,1
BRDA:253,21,3,0
BRDA:292,22,0,0
BRDA:306,23,0,1
BRDA:323,24,0,0
BRDA:337,25,0,1
BRDA:369,26,0,1
BRDA:376,27,0,1
BRDA:419,28,0,2
BRDA:419,28,1,0
BRDA:420,29,0,2
BRDA:420,29,1,0
BRDA:425,30,0,4
BRDA:425,30,1,0
BRDA:468,31,0,0
BRDA:472,32,0,1
BRDA:503,33,0,1
BRF:48
BRH:31
end_of_record
TN:
SF:src/modules/auth/strategies/jwt.strategy.ts
FN:8,(anonymous_2)
FN:20,(anonymous_3)
FNF:2
FNH:0
FNDA:0,(anonymous_2)
FNDA:0,(anonymous_3)
DA:1,0
DA:2,0
DA:3,0
DA:4,0
DA:7,0
DA:8,0
DA:9,0
DA:10,0
DA:11,0
DA:13,0
DA:22,0
LF:11
LH:0
BRDA:10,0,0,0
BRF:1
BRH:0
end_of_record
TN:
SF:src/modules/bookings/bookings.controller.ts
FN:57,(anonymous_4)
FN:78,(anonymous_5)
FN:103,(anonymous_6)
FN:136,(anonymous_7)
FN:151,(anonymous_8)
FN:181,(anonymous_9)
FN:204,(anonymous_10)
FN:242,(anonymous_11)
FN:285,(anonymous_12)
FN:317,(anonymous_13)
FNF:10
FNH:7
FNDA:11,(anonymous_4)
FNDA:2,(anonymous_5)
FNDA:2,(anonymous_6)
FNDA:0,(anonymous_7)
FNDA:0,(anonymous_8)
FNDA:1,(anonymous_9)
FNDA:2,(anonymous_10)
FNDA:2,(anonymous_11)
FNDA:2,(anonymous_12)
FNDA:0,(anonymous_13)
DA:8,1
DA:25,1
DA:26,1
DA:27,1
DA:28,1
DA:29,1
DA:30,1
DA:31,1
DA:32,1
DA:33,1
DA:41,1
DA:42,1
DA:43,1
DA:54,1
DA:55,11
DA:58,11
DA:59,11
DA:78,1
DA:82,2
DA:85,2
DA:86,1
DA:89,2
DA:103,1
DA:107,2
DA:108,2
DA:109,2
DA:112,2
DA:113,2
DA:114,2
DA:117,2
DA:118,2
DA:119,2
DA:120,2
DA:122,0
DA:123,0
DA:136,1
DA:137,0
DA:151,1
DA:155,0
DA:158,0
DA:159,0
DA:163,0
DA:165,0
DA:181,1
DA:184,1
DA:186,1
DA:187,1
DA:204,1
DA:208,2
DA:210,2
DA:213,2
DA:214,1
DA:218,1
DA:219,0
DA:222,1
DA:242,1
DA:247,2
DA:248,2
DA:251,2
DA:253,2
DA:254,1
DA:257,1
DA:258,0
DA:262,1
DA:265,1
DA:267,1
DA:269,1
DA:270,1
DA:285,1
DA:289,2
DA:292,2
DA:294,2
DA:295,1
DA:298,1
DA:299,0
DA:302,1
DA:317,1
DA:321,0
DA:324,0
DA:325,0
DA:328,0
DA:330,0
DA:331,0
DA:332,0
DA:335,0
DA:336,0
DA:338,0
DA:339,0
DA:341,0
LF:89
LH:66
BRDA:85,0,0,1
BRDA:112,1,0,2
BRDA:158,2,0,0
BRDA:158,3,0,0
BRDA:158,3,1,0
BRDA:163,4,0,0
BRDA:163,4,1,0
BRDA:213,5,0,1
BRDA:218,6,0,0
BRDA:218,7,0,1
BRDA:218,7,1,1
BRDA:253,8,0,1
BRDA:257,9,0,0
BRDA:257,10,0,1
BRDA:257,10,1,1
BRDA:294,11,0,1
BRDA:298,12,0,0
BRDA:298,13,0,1
BRDA:298,13,1,1
BRDA:324,14,0,0
BRDA:324,15,0,0
BRDA:324,15,1,0
BRDA:331,16,0,0
BRDA:331,17,0,0
BRDA:331,17,1,0
BRDA:338,18,0,0
BRF:26
BRH:11
end_of_record
TN:
SF:src/modules/bookings/bookings.service.ts
FN:34,(anonymous_2)
FN:45,(anonymous_3)
FN:76,(anonymous_4)
FN:153,(anonymous_5)
FN:180,(anonymous_6)
FN:212,(anonymous_7)
FN:317,(anonymous_8)
FN:340,(anonymous_9)
FN:395,(anonymous_10)
FN:416,(anonymous_11)
FN:482,(anonymous_12)
FN:517,(anonymous_13)
FN:533,(anonymous_14)
FN:561,(anonymous_15)
FN:591,(anonymous_16)
FN:651,(anonymous_17)
FN:674,(anonymous_18)
FNF:17
FNH:10
FNDA:15,(anonymous_2)
FNDA:6,(anonymous_3)
FNDA:6,(anonymous_4)
FNDA:0,(anonymous_5)
FNDA:3,(anonymous_6)
FNDA:2,(anonymous_7)
FNDA:0,(anonymous_8)
FNDA:0,(anonymous_9)
FNDA:0,(anonymous_10)
FNDA:2,(anonymous_11)
FNDA:1,(anonymous_12)
FNDA:0,(anonymous_13)
FNDA:0,(anonymous_14)
FNDA:0,(anonymous_15)
FNDA:2,(anonymous_16)
FNDA:6,(anonymous_17)
FNDA:4,(anonymous_18)
DA:8,2
DA:9,2
DA:10,2
DA:19,2
DA:26,2
DA:27,2
DA:28,2
DA:31,2
DA:32,15
DA:35,15
DA:36,15
DA:46,6
DA:47,6
DA:48,6
DA:49,6
DA:50,0
DA:56,0
DA:57,0
DA:62,6
DA:63,1
DA:66,1
DA:67,0
DA:69,1
DA:70,0
DA:71,0
DA:75,6
DA:76,6
DA:77,6
DA:81,5
DA:82,1
DA:85,4
DA:86,1
DA:89,3
DA:90,3
DA:100,3
DA:101,1
DA:104,2
DA:105,1
DA:116,1
DA:117,1
DA:121,1
DA:145,1
DA:146,1
DA:153,0
DA:156,1
DA:158,5
DA:162,0
DA:164,5
DA:167,4
DA:169,1
DA:170,1
DA:181,3
DA:182,3
DA:191,2
DA:192,1
DA:195,1
DA:197,2
DA:198,1
DA:200,1
DA:201,1
DA:213,2
DA:214,2
DA:217,2
DA:224,2
DA:225,1
DA:226,1
DA:230,1
DA:231,0
DA:234,0
DA:235,0
DA:237,0
DA:238,0
DA:239,0
DA:244,1
DA:245,0
DA:246,0
DA:247,0
DA:251,1
DA:254,1
DA:255,1
DA:257,1
DA:258,1
DA:260,1
DA:261,0
DA:262,0
DA:264,1
DA:265,0
DA:266,0
DA:268,1
DA:269,0
DA:270,0
DA:272,1
DA:273,1
DA:274,1
DA:276,1
DA:277,0
DA:278,0
DA:280,1
DA:281,0
DA:282,0
DA:284,1
DA:285,0
DA:286,0
DA:288,1
DA:289,1
DA:290,1
DA:293,1
DA:296,1
DA:306,1
DA:309,1
DA:310,0
DA:317,0
DA:320,1
DA:322,1
DA:323,1
DA:324,1
DA:326,0
DA:327,0
DA:329,0
DA:341,0
DA:343,0
DA:352,0
DA:353,0
DA:357,0
DA:359,0
DA:363,0
DA:364,0
DA:367,0
DA:368,0
DA:372,0
DA:387,0
DA:388,0
DA:395,0
DA:398,0
DA:400,0
DA:403,0
DA:405,0
DA:406,0
DA:417,2
DA:418,2
DA:420,2
DA:421,2
DA:422,2
DA:424,2
DA:427,2
DA:429,2
DA:430,2
DA:433,2
DA:434,2
DA:437,2
DA:438,0
DA:441,2
DA:442,0
DA:443,0
DA:444,0
DA:446,0
DA:447,0
DA:452,2
DA:453,0
DA:461,2
DA:464,2
DA:465,2
DA:468,2
DA:480,1
DA:482,1
DA:483,1
DA:485,1
DA:487,0
DA:488,0
DA:491,1
DA:495,1
DA:503,1
DA:504,1
DA:506,1
DA:507,1
DA:518,0
DA:519,0
DA:521,0
DA:522,0
DA:534,0
DA:535,0
DA:538,0
DA:542,0
DA:543,0
DA:546,0
DA:549,0
DA:559,0
DA:561,0
DA:562,0
DA:564,0
DA:566,0
DA:567,0
DA:571,0
DA:574,0
DA:582,0
DA:583,0
DA:592,2
DA:593,2
DA:594,2
DA:595,2
DA:596,2
DA:597,2
DA:608,2
DA:631,1
DA:642,1
DA:643,1
DA:652,6
DA:653,6
DA:656,6
DA:664,6
DA:665,6
DA:677,4
DA:679,2
DA:680,2
DA:682,2
DA:683,2
DA:685,0
DA:686,0
DA:688,0
DA:689,0
DA:691,0
DA:695,4
DA:697,4
LF:223
LH:135
BRDA:49,0,0,0
BRDA:49,1,0,6
BRDA:49,1,1,5
BRDA:56,2,0,0
BRDA:62,3,0,1
BRDA:66,4,0,0
BRDA:69,5,0,0
BRDA:81,6,0,1
BRDA:85,7,0,1
BRDA:100,8,0,1
BRDA:104,9,0,1
BRDA:116,10,0,1
BRDA:145,11,0,1
BRDA:149,12,0,1
BRDA:149,12,1,0
BRDA:150,13,0,0
BRDA:150,13,1,1
BRDA:156,14,0,1
BRDA:156,14,1,1
BRDA:158,15,0,0
BRDA:159,16,0,5
BRDA:159,16,1,0
BRDA:164,17,0,4
BRDA:164,18,0,5
BRDA:164,18,1,4
BRDA:164,18,2,1
BRDA:191,19,0,1
BRDA:197,20,0,1
BRDA:224,21,0,1
BRDA:230,22,0,0
BRDA:234,23,0,0
BRDA:237,24,0,0
BRDA:244,25,0,0
BRDA:244,26,0,1
BRDA:244,26,1,1
BRDA:245,27,0,0
BRDA:245,28,0,0
BRDA:245,28,1,0
BRDA:255,29,0,1
BRDA:260,30,0,0
BRDA:264,31,0,0
BRDA:268,32,0,0
BRDA:272,33,0,1
BRDA:276,34,0,0
BRDA:280,35,0,0
BRDA:284,36,0,0
BRDA:288,37,0,1
BRDA:309,38,0,0
BRDA:313,39,0,0
BRDA:313,39,1,0
BRDA:314,40,0,0
BRDA:314,40,1,0
BRDA:323,41,0,1
BRDA:326,42,0,0
BRDA:352,43,0,0
BRDA:357,44,0,0
BRDA:357,45,0,0
BRDA:357,45,1,0
BRDA:357,45,2,0
BRDA:357,45,3,0
BRDA:363,46,0,0
BRDA:367,47,0,0
BRDA:387,48,0,0
BRDA:391,49,0,0
BRDA:391,49,1,0
BRDA:392,50,0,0
BRDA:392,50,1,0
BRDA:400,51,0,0
BRDA:400,52,0,0
BRDA:400,52,1,0
BRDA:400,52,2,0
BRDA:418,53,0,0
BRDA:418,54,0,0
BRDA:420,55,0,0
BRDA:420,55,1,2
BRDA:421,56,0,0
BRDA:421,56,1,2
BRDA:429,57,0,2
BRDA:433,58,0,2
BRDA:437,59,0,0
BRDA:441,60,0,0
BRDA:441,61,0,2
BRDA:441,61,1,2
BRDA:443,62,0,0
BRDA:446,63,0,0
BRDA:452,64,0,0
BRDA:535,65,0,0
BRDA:535,65,1,0
BRDA:542,66,0,0
BRDA:677,67,0,2
BRDA:677,67,1,2
BRDA:677,67,2,0
BRDA:677,67,3,0
BRDA:677,67,4,0
BRDA:695,68,0,4
BRDA:695,68,1,1
BRDA:704,69,0,1
BRDA:704,69,1,3
BRDA:707,70,0,1
BRDA:707,70,1,3
BRDA:713,71,0,4
BRDA:713,71,1,4
BRDA:714,72,0,4
BRDA:714,72,1,4
BRDA:720,73,0,4
BRDA:720,73,1,0
BRDA:724,74,0,4
BRDA:724,74,1,0
BRDA:728,75,0,0
BRDA:728,75,1,4
BRF:110
BRH:48
end_of_record
TN:
SF:src/modules/email/email.service.ts
FN:9,(anonymous_2)
FN:16,(anonymous_3)
FN:45,(anonymous_4)
FN:72,(anonymous_5)
FNF:4
FNH:4
FNDA:5,(anonymous_2)
FNDA:2,(anonymous_3)
FNDA:1,(anonymous_4)
FNDA:2,(anonymous_5)
DA:2,8
DA:3,8
DA:6,8
DA:7,5
DA:9,5
DA:17,2
DA:18,2
DA:19,2
DA:32,1
DA:34,1
DA:46,1
DA:47,1
DA:48,1
DA:61,1
DA:63,0
DA:73,2
DA:74,2
DA:75,2
DA:88,2
DA:90,0
LF:20
LH:18
BRDA:29,0,0,2
BRDA:29,0,1,1
BRDA:58,1,0,1
BRDA:58,1,1,0
BRDA:85,2,0,2
BRDA:85,2,1,1
BRF:6
BRH:5
end_of_record
TN:
SF:src/modules/prisma/prisma.service.ts
FN:15,(anonymous_2)
FN:28,(anonymous_3)
FN:37,(anonymous_4)
FN:45,(anonymous_5)
FN:58,(anonymous_6)
FN:71,(anonymous_7)
FN:91,(anonymous_8)
FN:111,(anonymous_9)
FN:137,(anonymous_10)
FN:151,(anonymous_11)
FNF:10
FNH:0
FNDA:0,(anonymous_2)
FNDA:0,(anonymous_3)
FNDA:0,(anonymous_4)
FNDA:0,(anonymous_5)
FNDA:0,(anonymous_6)
FNDA:0,(anonymous_7)
FNDA:0,(anonymous_8)
FNDA:0,(anonymous_9)
FNDA:0,(anonymous_10)
FNDA:0,(anonymous_11)
DA:8,12
DA:9,12
DA:12,12
DA:13,0
DA:16,0
DA:28,0
DA:29,0
DA:30,0
DA:31,0
DA:32,0
DA:37,0
DA:38,0
DA:46,0
DA:47,0
DA:48,0
DA:50,0
DA:51,0
DA:59,0
DA:60,0
DA:61,0
DA:63,0
DA:72,0
DA:73,0
DA:74,0
DA:79,0
DA:80,0
DA:92,0
DA:93,0
DA:96,0
DA:109,0
DA:111,0
DA:113,0
DA:116,0
DA:117,0
DA:121,0
DA:124,0
DA:126,0
DA:127,0
DA:138,0
DA:139,0
DA:140,0
DA:142,0
DA:143,0
DA:156,0
DA:158,0
DA:168,0
DA:173,0
DA:177,0
DA:183,0
DA:184,0
LF:50
LH:3
BRDA:29,0,0,0
BRDA:92,1,0,0
BRDA:178,2,0,0
BRDA:178,2,1,0
BRDA:179,3,0,0
BRDA:179,3,1,0
BRDA:180,4,0,0
BRDA:180,4,1,0
BRF:8
BRH:0
end_of_record
TN:
SF:src/modules/retention/retention.scheduler.ts
FN:9,(anonymous_2)
FN:12,(anonymous_3)
FNF:2
FNH:0
FNDA:0,(anonymous_2)
FNDA:0,(anonymous_3)
DA:1,0
DA:2,0
DA:3,0
DA:6,0
DA:7,0
DA:9,0
DA:12,0
DA:13,0
DA:14,0
DA:15,0
DA:18,0
DA:19,0
DA:20,0
DA:22,0
LF:14
LH:0
BRDA:13,0,0,0
BRDA:11,1,0,0
BRDA:11,1,1,0
BRF:3
BRH:0
end_of_record
TN:
SF:src/modules/retention/retention.service.ts
FN:19,(anonymous_2)
FN:21,(anonymous_3)
FN:29,(anonymous_4)
FN:37,(anonymous_5)
FN:45,(anonymous_6)
FN:50,(anonymous_7)
FN:55,(anonymous_8)
FN:61,(anonymous_9)
FN:76,(anonymous_10)
FN:84,(anonymous_11)
FN:105,(anonymous_12)
FN:126,(anonymous_13)
FN:133,(anonymous_14)
FNF:13
FNH:12
FNDA:24,(anonymous_2)
FNDA:11,(anonymous_3)
FNDA:9,(anonymous_4)
FNDA:7,(anonymous_5)
FNDA:4,(anonymous_6)
FNDA:5,(anonymous_7)
FNDA:6,(anonymous_8)
FNDA:6,(anonymous_9)
FNDA:2,(anonymous_10)
FNDA:2,(anonymous_11)
FNDA:4,(anonymous_12)
FNDA:5,(anonymous_13)
FNDA:0,(anonymous_14)
DA:1,1
DA:2,1
DA:3,1
DA:16,1
DA:17,24
DA:19,24
DA:22,11
DA:23,11
DA:24,3
DA:26,8
DA:30,9
DA:31,9
DA:32,1
DA:34,8
DA:38,7
DA:39,7
DA:40,0
DA:42,7
DA:46,4
DA:47,4
DA:51,5
DA:52,5
DA:56,6
DA:57,6
DA:58,6
DA:62,6
DA:77,2
DA:78,2
DA:79,1
DA:81,1
DA:85,2
DA:86,2
DA:87,2
DA:88,2
DA:89,2
DA:90,2
DA:91,2
DA:92,2
DA:101,2
DA:102,2
DA:106,4
DA:107,4
DA:108,4
DA:109,4
DA:110,4
DA:111,4
DA:112,4
DA:114,4
DA:115,4
DA:116,8
DA:122,8
DA:123,4
DA:126,5
DA:127,4
DA:130,4
DA:132,4
DA:133,0
DA:137,4
DA:138,4
DA:147,4
DA:148,4
LF:61
LH:59
BRDA:22,0,0,11
BRDA:22,0,1,7
BRDA:23,1,0,3
BRDA:23,2,0,11
BRDA:23,2,1,10
BRDA:30,3,0,9
BRDA:30,3,1,6
BRDA:31,4,0,1
BRDA:31,5,0,9
BRDA:31,5,1,8
BRDA:38,6,0,7
BRDA:38,6,1,3
BRDA:39,7,0,0
BRDA:39,8,0,7
BRDA:39,8,1,7
BRDA:46,9,0,4
BRDA:46,9,1,1
BRDA:51,10,0,5
BRDA:51,10,1,1
BRDA:78,11,0,1
BRDA:122,12,0,4
BRDA:132,13,0,0
BRF:22
BRH:20
end_of_record
TN:
SF:src/modules/services/services.controller.ts
FN:21,(anonymous_4)
FN:26,(anonymous_5)
FN:42,(anonymous_6)
FN:56,(anonymous_7)
FN:70,(anonymous_8)
FN:85,(anonymous_9)
FNF:6
FNH:0
FNDA:0,(anonymous_4)
FNDA:0,(anonymous_5)
FNDA:0,(anonymous_6)
FNDA:0,(anonymous_7)
FNDA:0,(anonymous_8)
FNDA:0,(anonymous_9)
DA:1,0
DA:2,0
DA:3,0
DA:5,0
DA:6,0
DA:7,0
DA:10,0
DA:11,0
DA:18,0
DA:19,0
DA:21,0
DA:26,0
DA:27,0
DA:28,0
DA:30,0
DA:31,0
DA:42,0
DA:43,0
DA:44,0
DA:46,0
DA:47,0
DA:56,0
DA:59,0
DA:60,0
DA:70,0
DA:74,0
DA:75,0
DA:85,0
DA:89,0
DA:90,0
LF:30
LH:0
BRF:0
BRH:0
end_of_record
TN:
SF:src/modules/services/services.service.ts
FN:14,(anonymous_2)
FN:19,(anonymous_3)
FN:34,(anonymous_4)
FN:83,(anonymous_5)
FN:110,(anonymous_6)
FN:141,(anonymous_7)
FN:144,(anonymous_8)
FN:188,(anonymous_9)
FN:201,(anonymous_10)
FN:281,(anonymous_11)
FN:294,(anonymous_12)
FNF:11
FNH:10
FNDA:9,(anonymous_2)
FNDA:1,(anonymous_3)
FNDA:2,(anonymous_4)
FNDA:2,(anonymous_5)
FNDA:1,(anonymous_6)
FNDA:2,(anonymous_7)
FNDA:2,(anonymous_8)
FNDA:3,(anonymous_9)
FNDA:3,(anonymous_10)
FNDA:0,(anonymous_11)
FNDA:4,(anonymous_12)
DA:2,1
DA:3,1
DA:4,1
DA:7,1
DA:8,1
DA:11,1
DA:12,9
DA:15,9
DA:16,9
DA:20,1
DA:21,1
DA:35,2
DA:36,2
DA:37,2
DA:39,2
DA:40,2
DA:41,2
DA:44,2
DA:46,2
DA:47,1
DA:50,2
DA:51,0
DA:54,2
DA:55,0
DA:58,2
DA:59,0
DA:62,2
DA:63,0
DA:67,2
DA:68,2
DA:70,2
DA:82,2
DA:83,2
DA:84,2
DA:85,2
DA:87,0
DA:88,0
DA:91,2
DA:94,2
DA:102,2
DA:103,2
DA:105,0
DA:106,0
DA:111,1
DA:113,1
DA:130,1
DA:137,1
DA:138,1
DA:142,2
DA:144,2
DA:145,2
DA:149,2
DA:150,1
DA:151,1
DA:154,1
DA:175,1
DA:183,1
DA:184,1
DA:189,3
DA:199,3
DA:201,3
DA:202,3
DA:206,3
DA:207,1
DA:208,1
DA:212,2
DA:214,2
DA:227,2
DA:230,2
DA:231,1
DA:241,1
DA:242,1
DA:255,2
DA:265,2
DA:266,2
DA:270,2
DA:271,1
DA:281,0
DA:284,2
DA:285,2
DA:286,2
DA:295,4
LF:82
LH:73
BRDA:37,0,0,1
BRDA:37,1,0,1
BRDA:39,2,0,0
BRDA:39,2,1,2
BRDA:40,3,0,0
BRDA:40,3,1,2
BRDA:46,4,0,1
BRDA:50,5,0,0
BRDA:54,6,0,0
BRDA:58,7,0,0
BRDA:62,8,0,0
BRDA:119,9,0,1
BRDA:119,9,1,1
BRDA:121,10,0,0
BRDA:121,10,1,1
BRDA:149,11,0,1
BRDA:162,12,0,0
BRDA:162,12,1,1
BRDA:168,13,0,0
BRDA:168,13,1,1
BRDA:206,14,0,1
BRDA:212,15,0,2
BRDA:212,16,0,2
BRDA:212,16,1,2
BRDA:241,17,0,1
BRDA:276,18,0,1
BRDA:276,18,1,0
BRDA:277,19,0,1
BRDA:277,19,1,0
BRDA:279,20,0,1
BRDA:279,20,1,1
BRDA:305,21,0,0
BRDA:305,21,1,4
BRF:33
BRH:21
end_of_record
TN:
SF:src/modules/system/controllers/index.ts
FNF:0
FNH:0
DA:1,0
LF:1
LH:0
BRF:0
BRH:0
end_of_record
TN:
SF:src/modules/system/controllers/system.controller.ts
FN:40,(anonymous_4)
FN:52,(anonymous_5)
FN:67,(anonymous_6)
FN:81,(anonymous_7)
FN:94,(anonymous_8)
FNF:5
FNH:0
FNDA:0,(anonymous_4)
FNDA:0,(anonymous_5)
FNDA:0,(anonymous_6)
FNDA:0,(anonymous_7)
FNDA:0,(anonymous_8)
DA:8,0
DA:17,0
DA:18,0
DA:19,0
DA:20,0
DA:21,0
DA:22,0
DA:27,0
DA:39,0
DA:41,0
DA:42,0
DA:52,0
DA:53,0
DA:67,0
DA:71,0
DA:81,0
DA:82,0
DA:94,0
DA:95,0
LF:19
LH:0
BRF:0
BRH:0
end_of_record
TN:
SF:src/modules/system/services/index.ts
FNF:0
FNH:0
DA:1,0
DA:2,0
LF:2
LH:0
BRF:0
BRH:0
end_of_record
TN:
SF:src/modules/system/services/reports.service.ts
FN:13,(anonymous_2)
FN:19,(anonymous_3)
FN:74,(anonymous_4)
FNF:3
FNH:0
FNDA:0,(anonymous_2)
FNDA:0,(anonymous_3)
FNDA:0,(anonymous_4)
DA:8,0
DA:9,0
DA:12,0
DA:13,0
DA:29,0
DA:58,0
DA:83,0
DA:99,0
LF:8
LH:0
BRF:0
BRH:0
end_of_record
TN:
SF:src/modules/system/services/settings.service.ts
FN:13,(anonymous_2)
FN:19,(anonymous_3)
FN:28,(anonymous_4)
FN:40,(anonymous_5)
FN:58,(anonymous_6)
FNF:5
FNH:0
FNDA:0,(anonymous_2)
FNDA:0,(anonymous_3)
FNDA:0,(anonymous_4)
FNDA:0,(anonymous_5)
FNDA:0,(anonymous_6)
DA:8,0
DA:9,0
DA:12,0
DA:13,0
DA:20,0
DA:29,0
DA:41,0
DA:59,0
LF:8
LH:0
BRF:0
BRH:0
end_of_record
TN:
SF:src/modules/time-slots/time-slots.controller.ts
FN:23,(anonymous_4)
FN:37,(anonymous_5)
FN:49,(anonymous_6)
FN:62,(anonymous_7)
FN:80,(anonymous_8)
FN:97,(anonymous_9)
FN:110,(anonymous_10)
FNF:7
FNH:0
FNDA:0,(anonymous_4)
FNDA:0,(anonymous_5)
FNDA:0,(anonymous_6)
FNDA:0,(anonymous_7)
FNDA:0,(anonymous_8)
FNDA:0,(anonymous_9)
FNDA:0,(anonymous_10)
DA:8,0
DA:9,0
DA:10,0
DA:11,0
DA:12,0
DA:13,0
DA:14,0
DA:15,0
DA:16,0
DA:22,0
DA:23,0
DA:37,0
DA:38,0
DA:49,0
DA:50,0
DA:62,0
DA:63,0
DA:80,0
DA:81,0
DA:97,0
DA:98,0
DA:110,0
DA:111,0
LF:23
LH:0
BRF:0
BRH:0
end_of_record
TN:
SF:src/modules/time-slots/time-slots.service.ts
FN:17,(anonymous_2)
FN:24,(anonymous_3)
FN:55,(anonymous_4)
FN:77,(anonymous_5)
FN:88,(anonymous_6)
FN:113,(anonymous_7)
FN:156,(anonymous_8)
FN:182,(anonymous_9)
FN:202,(anonymous_10)
FN:237,(anonymous_11)
FN:257,(anonymous_12)
FN:273,(anonymous_13)
FNF:12
FNH:12
FNDA:15,(anonymous_2)
FNDA:2,(anonymous_3)
FNDA:2,(anonymous_4)
FNDA:3,(anonymous_5)
FNDA:2,(anonymous_6)
FNDA:3,(anonymous_7)
FNDA:2,(anonymous_8)
FNDA:2,(anonymous_9)
FNDA:3,(anonymous_10)
FNDA:3,(anonymous_11)
FNDA:6,(anonymous_12)
FNDA:2,(anonymous_13)
DA:8,2
DA:9,2
DA:11,2
DA:15,2
DA:16,15
DA:17,15
DA:25,2
DA:27,2
DA:33,2
DA:34,1
DA:37,1
DA:41,1
DA:43,1
DA:44,1
DA:46,0
DA:56,2
DA:57,2
DA:59,2
DA:60,0
DA:62,2
DA:63,1
DA:65,2
DA:66,0
DA:68,2
DA:69,0
DA:72,2
DA:77,3
DA:79,0
DA:89,2
DA:90,2
DA:94,2
DA:95,1
DA:98,1
DA:100,1
DA:101,1
DA:103,0
DA:114,3
DA:116,3
DA:120,3
DA:121,1
DA:125,2
DA:126,2
DA:133,2
DA:134,1
DA:138,1
DA:143,1
DA:145,2
DA:146,2
DA:148,0
DA:157,2
DA:158,2
DA:162,2
DA:163,1
DA:166,1
DA:170,1
DA:171,1
DA:173,0
DA:183,2
DA:184,2
DA:193,2
DA:194,0
DA:197,2
DA:202,2
DA:204,3
DA:212,3
DA:213,3
DA:214,3
DA:216,3
DA:226,0
DA:238,3
DA:239,1
DA:242,2
DA:243,2
DA:244,2
DA:245,0
DA:246,0
DA:248,0
DA:258,6
DA:274,2
DA:276,2
DA:278,2
DA:280,1
DA:300,1
DA:304,1
DA:307,0
LF:85
LH:71
BRDA:33,0,0,1
BRDA:43,1,0,1
BRDA:59,2,0,0
BRDA:62,3,0,1
BRDA:65,4,0,0
BRDA:68,5,0,0
BRDA:94,6,0,1
BRDA:100,7,0,1
BRDA:120,8,0,1
BRDA:125,9,0,2
BRDA:125,10,0,2
BRDA:125,10,1,2
BRDA:133,11,0,1
BRDA:145,12,0,2
BRDA:145,13,0,2
BRDA:145,13,1,1
BRDA:162,14,0,1
BRDA:170,15,0,1
BRDA:193,16,0,0
BRDA:214,17,0,3
BRDA:214,17,1,2
BRDA:238,18,0,1
BRDA:243,19,0,2
BRDA:243,19,1,0
BRDA:245,20,0,0
BRDA:245,20,1,0
BRDA:278,21,0,1
BRF:27
BRH:20
end_of_record
TN:
SF:src/modules/users/users.controller.ts
FN:39,(anonymous_4)
FN:56,(anonymous_5)
FN:82,(anonymous_6)
FN:116,(anonymous_7)
FN:139,(anonymous_8)
FN:164,(anonymous_9)
FN:186,(anonymous_10)
FN:206,(anonymous_11)
FN:226,(anonymous_12)
FNF:9
FNH:0
FNDA:0,(anonymous_4)
FNDA:0,(anonymous_5)
FNDA:0,(anonymous_6)
FNDA:0,(anonymous_7)
FNDA:0,(anonymous_8)
FNDA:0,(anonymous_9)
FNDA:0,(anonymous_10)
FNDA:0,(anonymous_11)
FNDA:0,(anonymous_12)
DA:8,0
DA:22,0
DA:23,0
DA:24,0
DA:25,0
DA:26,0
DA:27,0
DA:28,0
DA:29,0
DA:38,0
DA:39,0
DA:56,0
DA:60,0
DA:61,0
DA:82,0
DA:84,0
DA:89,0
DA:98,0
DA:99,0
DA:116,0
DA:119,0
DA:120,0
DA:139,0
DA:144,0
DA:145,0
DA:164,0
DA:169,0
DA:170,0
DA:186,0
DA:190,0
DA:191,0
DA:206,0
DA:209,0
DA:210,0
DA:226,0
DA:227,0
DA:228,0
LF:37
LH:0
BRDA:85,0,0,0
BRDA:85,0,1,0
BRDA:86,1,0,0
BRDA:86,1,1,0
BRF:4
BRH:0
end_of_record
TN:
SF:src/modules/users/users.service.ts
FN:31,(anonymous_4)
FN:43,(anonymous_5)
FN:94,(anonymous_6)
FN:120,(anonymous_7)
FN:133,(anonymous_8)
FN:143,(anonymous_9)
FN:157,(anonymous_10)
FN:235,(anonymous_11)
FN:248,(anonymous_12)
FN:356,(anonymous_13)
FN:372,(anonymous_14)
FN:382,(anonymous_15)
FN:415,(anonymous_16)
FN:466,(anonymous_17)
FN:481,(anonymous_18)
FN:555,(anonymous_19)
FN:564,(anonymous_20)
FNF:17
FNH:10
FNDA:23,(anonymous_4)
FNDA:6,(anonymous_5)
FNDA:5,(anonymous_6)
FNDA:0,(anonymous_7)
FNDA:0,(anonymous_8)
FNDA:0,(anonymous_9)
FNDA:5,(anonymous_10)
FNDA:0,(anonymous_11)
FNDA:0,(anonymous_12)
FNDA:0,(anonymous_13)
FNDA:0,(anonymous_14)
FNDA:7,(anonymous_15)
FNDA:3,(anonymous_16)
FNDA:5,(anonymous_17)
FNDA:2,(anonymous_18)
FNDA:12,(anonymous_19)
FNDA:11,(anonymous_20)
DA:8,4
DA:9,4
DA:10,4
DA:13,4
DA:20,4
DA:21,4
DA:22,4
DA:23,4
DA:25,4
DA:28,4
DA:29,23
DA:32,23
DA:33,23
DA:34,23
DA:35,23
DA:44,6
DA:46,6
DA:50,6
DA:51,3
DA:55,3
DA:56,0
DA:60,0
DA:61,0
DA:66,3
DA:77,2
DA:78,2
DA:80,4
DA:81,3
DA:84,1
DA:85,1
DA:95,5
DA:96,5
DA:100,5
DA:101,3
DA:104,2
DA:106,3
DA:107,3
DA:110,0
DA:111,0
DA:121,0
DA:125,0
DA:134,0
DA:135,0
DA:144,0
DA:148,0
DA:158,5
DA:159,5
DA:161,5
DA:165,5
DA:166,3
DA:170,2
DA:171,1
DA:172,1
DA:179,1
DA:180,0
DA:185,2
DA:186,0
DA:193,0
DA:194,0
DA:199,2
DA:200,2
DA:201,2
DA:202,2
DA:203,1
DA:204,1
DA:206,2
DA:207,2
DA:208,2
DA:211,2
DA:216,2
DA:218,3
DA:219,3
DA:221,0
DA:222,0
DA:224,0
DA:225,0
DA:236,0
DA:246,0
DA:248,0
DA:249,0
DA:253,0
DA:254,0
DA:258,0
DA:259,0
DA:262,0
DA:269,0
DA:272,0
DA:274,0
DA:275,0
DA:276,0
DA:277,0
DA:278,0
DA:279,0
DA:284,0
DA:291,0
DA:304,0
DA:306,0
DA:307,0
DA:317,0
DA:318,0
DA:332,0
DA:339,0
DA:340,0
DA:345,0
DA:346,0
DA:356,0
DA:360,0
DA:361,0
DA:362,0
DA:372,0
DA:375,0
DA:383,7
DA:385,7
DA:389,7
DA:390,3
DA:394,4
DA:398,2
DA:400,5
DA:401,3
DA:404,2
DA:405,2
DA:421,3
DA:423,3
DA:425,3
DA:426,1
DA:429,3
DA:430,1
DA:433,3
DA:434,1
DA:437,3
DA:438,0
DA:441,3
DA:442,1
DA:445,3
DA:446,0
DA:447,0
DA:448,0
DA:450,0
DA:451,0
DA:456,3
DA:459,3
DA:465,3
DA:466,5
DA:472,0
DA:473,0
DA:482,2
DA:485,2
DA:488,2
DA:492,2
DA:496,2
DA:501,2
DA:505,2
DA:510,2
DA:513,2
DA:518,2
DA:519,2
DA:520,2
DA:521,2
DA:523,2
DA:527,2
DA:531,2
DA:535,2
DA:556,12
DA:565,11
LF:164
LH:102
BRDA:50,0,0,3
BRDA:55,1,0,0
BRDA:60,2,0,0
BRDA:71,3,0,3
BRDA:71,3,1,3
BRDA:72,4,0,3
BRDA:72,4,1,0
BRDA:73,5,0,3
BRDA:73,5,1,1
BRDA:80,6,0,3
BRDA:100,7,0,3
BRDA:106,8,0,3
BRDA:125,9,0,0
BRDA:125,9,1,0
BRDA:148,10,0,0
BRDA:148,10,1,0
BRDA:165,11,0,3
BRDA:170,12,0,1
BRDA:179,13,0,0
BRDA:185,14,0,0
BRDA:193,15,0,0
BRDA:200,16,0,0
BRDA:201,17,0,2
BRDA:202,18,0,1
BRDA:206,19,0,1
BRDA:207,20,0,1
BRDA:208,21,0,0
BRDA:218,22,0,3
BRDA:221,23,0,0
BRDA:221,24,0,0
BRDA:221,24,1,0
BRDA:253,25,0,0
BRDA:258,26,0,0
BRDA:258,27,0,0
BRDA:258,27,1,0
BRDA:274,28,0,0
BRDA:274,29,0,0
BRDA:274,29,1,0
BRDA:276,30,0,0
BRDA:317,31,0,0
BRDA:351,32,0,0
BRDA:351,32,1,0
BRDA:352,33,0,0
BRDA:352,33,1,0
BRDA:354,34,0,0
BRDA:354,34,1,0
BRDA:361,35,0,0
BRDA:389,36,0,3
BRDA:400,37,0,3
BRDA:425,38,0,1
BRDA:429,39,0,1
BRDA:433,40,0,1
BRDA:437,41,0,0
BRDA:441,42,0,1
BRDA:445,43,0,0
BRDA:445,44,0,3
BRDA:445,44,1,3
BRDA:447,45,0,0
BRDA:450,46,0,0
BRF:59
BRH:24
end_of_record
TN:
SF:src/modules/users/controllers/user-avatar.controller.ts
FN:28,(anonymous_4)
FN:41,(anonymous_5)
FNF:2
FNH:0
FNDA:0,(anonymous_4)
FNDA:0,(anonymous_5)
DA:8,0
DA:16,0
DA:17,0
DA:18,0
DA:19,0
DA:20,0
DA:21,0
DA:27,0
DA:28,0
DA:41,0
DA:45,0
DA:46,0
DA:49,0
LF:13
LH:0
BRDA:45,0,0,0
BRF:1
BRH:0
end_of_record
TN:
SF:src/scripts/run-retention.ts
FN:5,bootstrap
FN:17,(anonymous_1)
FNF:2
FNH:0
FNDA:0,bootstrap
FNDA:0,(anonymous_1)
DA:1,0
DA:2,0
DA:3,0
DA:6,0
DA:7,0
DA:8,0
DA:9,0
DA:10,0
DA:11,0
DA:13,0
DA:17,0
DA:18,0
DA:19,0
LF:13
LH:0
BRDA:9,0,0,0
BRDA:9,0,1,0
BRDA:10,1,0,0
BRDA:10,1,1,0
BRF:4
BRH:0
end_of_record
TN:
SF:src/test/setup.ts
FN:21,(anonymous_0)
FN:23,(anonymous_1)
FN:55,(anonymous_2)
FN:60,(anonymous_3)
FNF:4
FNH:0
FNDA:0,(anonymous_0)
FNDA:0,(anonymous_1)
FNDA:0,(anonymous_2)
FNDA:0,(anonymous_3)
DA:8,0
DA:11,0
DA:14,0
DA:15,0
DA:18,0
DA:21,0
DA:22,0
DA:23,0
DA:55,0
DA:56,0
DA:60,0
DA:61,0
LF:12
LH:0
BRDA:15,0,0,0
BRDA:15,0,1,0
BRF:2
BRH:0
end_of_record
