TN:
SF:src/common/index.ts
FNF:0
FNH:0
DA:8,0
DA:9,0
DA:10,0
DA:11,0
DA:12,0
DA:13,0
DA:14,0
DA:15,0
LF:8
LH:0
BRF:0
BRH:0
end_of_record
TN:
SF:src/common/database/database-config.service.ts
FN:32,(anonymous_2)
FN:37,(anonymous_3)
FN:83,(anonymous_4)
FN:113,(anonymous_5)
FN:120,(anonymous_6)
FN:163,(anonymous_7)
FN:176,(anonymous_8)
FN:192,(anonymous_9)
FNF:8
FNH:0
FNDA:0,(anonymous_2)
FNDA:0,(anonymous_3)
FNDA:0,(anonymous_4)
FNDA:0,(anonymous_5)
FNDA:0,(anonymous_6)
FNDA:0,(anonymous_7)
FNDA:0,(anonymous_8)
FNDA:0,(anonymous_9)
DA:8,0
DA:9,0
DA:31,0
DA:32,0
DA:38,0
DA:41,0
DA:77,0
DA:84,0
DA:86,0
DA:107,0
DA:114,0
DA:121,0
DA:122,0
DA:124,0
DA:164,0
DA:165,0
DA:170,0
DA:177,0
DA:179,0
DA:180,0
DA:186,0
DA:193,0
LF:22
LH:0
BRDA:77,0,0,0
BRDA:77,0,1,0
BRDA:107,1,0,0
BRDA:107,1,1,0
BRDA:170,2,0,0
BRDA:170,2,1,0
BRDA:179,3,0,0
BRF:7
BRH:0
end_of_record
TN:
SF:src/common/database/database-health.service.ts
FN:42,(anonymous_2)
FN:52,(anonymous_3)
FN:82,(anonymous_4)
FN:154,(anonymous_5)
FN:168,(anonymous_6)
FN:181,(anonymous_7)
FN:209,(anonymous_8)
FN:216,(anonymous_9)
FN:223,(anonymous_10)
FN:234,(anonymous_11)
FN:263,(anonymous_12)
FNF:11
FNH:0
FNDA:0,(anonymous_2)
FNDA:0,(anonymous_3)
FNDA:0,(anonymous_4)
FNDA:0,(anonymous_5)
FNDA:0,(anonymous_6)
FNDA:0,(anonymous_7)
FNDA:0,(anonymous_8)
FNDA:0,(anonymous_9)
FNDA:0,(anonymous_10)
FNDA:0,(anonymous_11)
FNDA:0,(anonymous_12)
DA:8,0
DA:9,0
DA:10,0
DA:37,0
DA:38,0
DA:43,0
DA:44,0
DA:46,0
DA:53,0
DA:76,0
DA:83,0
DA:84,0
DA:86,0
DA:88,0
DA:89,0
DA:90,0
DA:93,0
DA:96,0
DA:99,0
DA:106,0
DA:121,0
DA:123,0
DA:127,0
DA:129,0
DA:131,0
DA:146,0
DA:147,0
DA:157,0
DA:171,0
DA:187,0
DA:188,0
DA:191,0
DA:192,0
DA:195,0
DA:196,0
DA:199,0
DA:200,0
DA:203,0
DA:210,0
DA:217,0
DA:224,0
DA:225,0
DA:226,0
DA:228,0
DA:235,0
DA:236,0
DA:237,0
DA:238,0
DA:240,0
DA:263,0
LF:50
LH:0
BRDA:187,0,0,0
BRDA:191,1,0,0
BRDA:195,2,0,0
BRDA:199,3,0,0
BRDA:247,4,0,0
BRDA:247,4,1,0
BRDA:263,5,0,0
BRDA:263,5,1,0
BRF:8
BRH:0
end_of_record
TN:
SF:src/common/database/index.ts
FNF:0
FNH:0
DA:7,0
DA:8,0
DA:9,0
LF:3
LH:0
BRF:0
BRH:0
end_of_record
TN:
SF:src/common/decorators/index.ts
FN:16,(anonymous_0)
FN:29,(anonymous_1)
FN:44,(anonymous_2)
FN:54,(anonymous_3)
FN:64,(anonymous_4)
FN:70,(anonymous_5)
FN:76,(anonymous_6)
FN:82,(anonymous_7)
FN:88,(anonymous_8)
FN:94,(anonymous_9)
FN:100,(anonymous_10)
FN:106,(anonymous_11)
FN:112,(anonymous_12)
FN:118,(anonymous_13)
FN:129,(anonymous_14)
FNF:15
FNH:1
FNDA:0,(anonymous_0)
FNDA:0,(anonymous_1)
FNDA:0,(anonymous_2)
FNDA:0,(anonymous_3)
FNDA:1,(anonymous_4)
FNDA:0,(anonymous_5)
FNDA:0,(anonymous_6)
FNDA:0,(anonymous_7)
FNDA:0,(anonymous_8)
FNDA:0,(anonymous_9)
FNDA:0,(anonymous_10)
FNDA:0,(anonymous_11)
FNDA:0,(anonymous_12)
FNDA:0,(anonymous_13)
FNDA:0,(anonymous_14)
DA:8,1
DA:15,1
DA:17,0
DA:18,0
DA:21,0
DA:28,1
DA:30,0
DA:33,0
DA:43,1
DA:45,0
DA:46,0
DA:53,1
DA:55,0
DA:56,0
DA:64,1
DA:70,1
DA:76,1
DA:82,1
DA:88,1
DA:94,1
DA:100,1
DA:106,1
DA:112,1
DA:118,1
DA:123,0
DA:129,1
LF:26
LH:16
BRDA:21,0,0,0
BRDA:21,0,1,0
BRDA:33,1,0,0
BRDA:33,1,1,0
BRDA:33,1,2,0
BRDA:33,1,3,0
BRDA:46,2,0,0
BRDA:46,2,1,0
BRDA:123,3,0,0
BRDA:123,3,1,0
BRF:10
BRH:0
end_of_record
TN:
SF:src/common/exceptions/business.exceptions.ts
FN:14,(anonymous_0)
FN:40,(anonymous_1)
FN:49,(anonymous_2)
FN:58,(anonymous_3)
FN:67,(anonymous_4)
FN:76,(anonymous_5)
FN:85,(anonymous_6)
FN:94,(anonymous_7)
FN:103,(anonymous_8)
FN:112,(anonymous_9)
FN:121,(anonymous_10)
FN:130,(anonymous_11)
FN:139,(anonymous_12)
FN:148,(anonymous_13)
FN:157,(anonymous_14)
FNF:15
FNH:5
FNDA:30,(anonymous_0)
FNDA:0,(anonymous_1)
FNDA:0,(anonymous_2)
FNDA:0,(anonymous_3)
FNDA:15,(anonymous_4)
FNDA:0,(anonymous_5)
FNDA:0,(anonymous_6)
FNDA:0,(anonymous_7)
FNDA:3,(anonymous_8)
FNDA:0,(anonymous_9)
FNDA:3,(anonymous_10)
FNDA:0,(anonymous_11)
FNDA:0,(anonymous_12)
FNDA:7,(anonymous_13)
FNDA:0,(anonymous_14)
DA:8,5
DA:13,5
DA:15,30
DA:17,30
DA:18,30
DA:20,30
DA:39,5
DA:41,0
DA:48,5
DA:50,0
DA:57,5
DA:59,0
DA:66,5
DA:68,15
DA:75,5
DA:77,0
DA:84,5
DA:86,0
DA:93,5
DA:95,0
DA:102,5
DA:104,3
DA:111,5
DA:113,0
DA:120,5
DA:122,3
DA:129,5
DA:131,0
DA:138,5
DA:140,0
DA:147,5
DA:149,7
DA:156,5
DA:158,0
LF:34
LH:24
BRDA:17,0,0,2
BRDA:40,1,0,0
BRDA:49,2,0,0
BRDA:58,3,0,0
BRDA:67,4,0,0
BRDA:76,5,0,0
BRDA:85,6,0,0
BRDA:94,7,0,0
BRDA:103,8,0,0
BRDA:112,9,0,0
BRDA:130,10,0,0
BRDA:139,11,0,0
BRDA:148,12,0,0
BRDA:157,13,0,0
BRF:14
BRH:1
end_of_record
TN:
SF:src/common/file-upload/file-upload.controller.ts
FN:36,(anonymous_4)
FN:49,(anonymous_5)
FN:71,(anonymous_6)
FN:80,(anonymous_7)
FN:97,(anonymous_8)
FN:115,(anonymous_9)
FN:127,(anonymous_10)
FN:140,(anonymous_11)
FN:156,(anonymous_12)
FNF:9
FNH:0
FNDA:0,(anonymous_4)
FNDA:0,(anonymous_5)
FNDA:0,(anonymous_6)
FNDA:0,(anonymous_7)
FNDA:0,(anonymous_8)
FNDA:0,(anonymous_9)
FNDA:0,(anonymous_10)
FNDA:0,(anonymous_11)
FNDA:0,(anonymous_12)
DA:8,0
DA:21,0
DA:22,0
DA:23,0
DA:24,0
DA:25,0
DA:35,0
DA:36,0
DA:49,0
DA:53,0
DA:54,0
DA:57,0
DA:71,0
DA:75,0
DA:76,0
DA:79,0
DA:80,0
DA:83,0
DA:97,0
DA:101,0
DA:102,0
DA:105,0
DA:115,0
DA:116,0
DA:127,0
DA:128,0
DA:129,0
DA:140,0
DA:141,0
DA:142,0
DA:143,0
DA:145,0
DA:156,0
DA:157,0
DA:158,0
LF:35
LH:0
BRDA:53,0,0,0
BRDA:75,1,0,0
BRDA:75,2,0,0
BRDA:75,2,1,0
BRDA:101,3,0,0
BRDA:142,4,0,0
BRF:6
BRH:0
end_of_record
TN:
SF:src/common/file-upload/file-upload.interceptor.ts
FN:26,(anonymous_2)
FN:34,(anonymous_3)
FN:54,(anonymous_4)
FN:61,(anonymous_5)
FN:83,(anonymous_6)
FN:85,(anonymous_7)
FNF:6
FNH:0
FNDA:0,(anonymous_2)
FNDA:0,(anonymous_3)
FNDA:0,(anonymous_4)
FNDA:0,(anonymous_5)
FNDA:0,(anonymous_6)
FNDA:0,(anonymous_7)
DA:8,0
DA:16,0
DA:17,0
DA:25,0
DA:27,0
DA:28,0
DA:35,0
DA:38,0
DA:39,0
DA:42,0
DA:43,0
DA:44,0
DA:46,0
DA:48,0
DA:49,0
DA:53,0
DA:54,0
DA:58,0
DA:60,0
DA:63,0
DA:64,0
DA:69,0
DA:73,0
DA:82,0
DA:83,0
DA:86,0
DA:87,0
DA:89,0
DA:90,0
DA:93,0
DA:94,0
DA:97,0
DA:99,0
DA:101,0
DA:104,0
DA:105,0
DA:107,0
DA:109,0
LF:38
LH:0
BRDA:28,0,0,0
BRDA:38,1,0,0
BRDA:38,2,0,0
BRDA:38,2,1,0
BRDA:38,3,0,0
BRDA:38,3,1,0
BRDA:42,4,0,0
BRDA:42,4,1,0
BRDA:44,5,0,0
BRDA:44,5,1,0
BRDA:48,6,0,0
BRDA:48,7,0,0
BRDA:48,7,1,0
BRDA:58,8,0,0
BRDA:58,8,1,0
BRDA:63,9,0,0
BRDA:89,10,0,0
BRDA:93,11,0,0
BRDA:93,12,0,0
BRDA:93,12,1,0
BRF:20
BRH:0
end_of_record
TN:
SF:src/common/file-upload/file-upload.service.ts
FN:40,(anonymous_2)
FN:60,(anonymous_3)
FN:72,(anonymous_4)
FN:88,(anonymous_5)
FN:100,(anonymous_6)
FN:112,(anonymous_7)
FN:127,(anonymous_8)
FN:175,(anonymous_9)
FN:189,(anonymous_10)
FN:207,(anonymous_11)
FN:231,(anonymous_12)
FN:250,(anonymous_13)
FN:263,(anonymous_14)
FN:285,(anonymous_15)
FNF:14
FNH:0
FNDA:0,(anonymous_2)
FNDA:0,(anonymous_3)
FNDA:0,(anonymous_4)
FNDA:0,(anonymous_5)
FNDA:0,(anonymous_6)
FNDA:0,(anonymous_7)
FNDA:0,(anonymous_8)
FNDA:0,(anonymous_9)
FNDA:0,(anonymous_10)
FNDA:0,(anonymous_11)
FNDA:0,(anonymous_12)
FNDA:0,(anonymous_13)
FNDA:0,(anonymous_14)
FNDA:0,(anonymous_15)
DA:8,0
DA:9,0
DA:10,0
DA:11,0
DA:12,0
DA:33,0
DA:34,0
DA:40,0
DA:41,0
DA:42,0
DA:43,0
DA:52,0
DA:54,0
DA:61,0
DA:62,0
DA:64,0
DA:65,0
DA:74,0
DA:75,0
DA:79,0
DA:80,0
DA:82,0
DA:89,0
DA:99,0
DA:100,0
DA:101,0
DA:102,0
DA:106,0
DA:113,0
DA:114,0
DA:115,0
DA:116,0
DA:119,0
DA:121,0
DA:129,0
DA:130,0
DA:131,0
DA:135,0
DA:136,0
DA:140,0
DA:141,0
DA:142,0
DA:144,0
DA:146,0
DA:149,0
DA:152,0
DA:154,0
DA:163,0
DA:165,0
DA:167,0
DA:168,0
DA:176,0
DA:183,0
DA:190,0
DA:191,0
DA:192,0
DA:193,0
DA:195,0
DA:196,0
DA:198,0
DA:199,0
DA:208,0
DA:209,0
DA:210,0
DA:212,0
DA:221,0
DA:222,0
DA:224,0
DA:232,0
DA:233,0
DA:244,0
DA:251,0
DA:252,0
DA:253,0
DA:254,0
DA:256,0
DA:268,0
DA:269,0
DA:270,0
DA:271,0
DA:273,0
DA:274,0
DA:275,0
DA:276,0
DA:277,0
DA:279,0
DA:280,0
DA:284,0
DA:285,0
DA:290,0
DA:291,0
LF:91
LH:0
BRDA:74,0,0,0
BRDA:74,1,0,0
BRDA:74,1,1,0
BRDA:101,2,0,0
BRDA:129,3,0,0
BRDA:129,3,1,0
BRDA:130,4,0,0
BRDA:135,5,0,0
BRDA:140,6,0,0
BRDA:140,6,1,0
BRDA:141,7,0,0
BRDA:141,7,1,0
BRDA:195,8,0,0
BRDA:195,8,1,0
BRDA:221,9,0,0
BRDA:244,10,0,0
BRDA:244,10,1,0
BRDA:274,11,0,0
BRDA:280,12,0,0
BRDA:280,12,1,0
BRF:20
BRH:0
end_of_record
TN:
SF:src/common/file-upload/index.ts
FNF:0
FNH:0
DA:7,0
DA:8,0
DA:9,0
DA:10,0
LF:4
LH:0
BRF:0
BRH:0
end_of_record
TN:
SF:src/common/filters/global-exception.filter.ts
FN:22,(anonymous_1)
FN:25,(anonymous_2)
FN:115,(anonymous_3)
FN:148,(anonymous_4)
FN:159,(anonymous_5)
FNF:5
FNH:0
FNDA:0,(anonymous_1)
FNDA:0,(anonymous_2)
FNDA:0,(anonymous_3)
FNDA:0,(anonymous_4)
FNDA:0,(anonymous_5)
DA:8,0
DA:17,0
DA:18,0
DA:19,0
DA:22,0
DA:23,0
DA:26,0
DA:27,0
DA:28,0
DA:30,0
DA:33,0
DA:35,0
DA:37,0
DA:39,0
DA:40,0
DA:42,0
DA:47,0
DA:49,0
DA:50,0
DA:52,0
DA:53,0
DA:55,0
DA:56,0
DA:57,0
DA:58,0
DA:60,0
DA:63,0
DA:67,0
DA:69,0
DA:70,0
DA:71,0
DA:78,0
DA:79,0
DA:81,0
DA:84,0
DA:85,0
DA:93,0
DA:95,0
DA:98,0
DA:101,0
DA:103,0
DA:116,0
DA:129,0
DA:130,0
DA:131,0
DA:132,0
DA:133,0
DA:134,0
DA:136,0
DA:138,0
DA:139,0
DA:141,0
DA:149,0
DA:160,0
DA:161,0
DA:164,0
DA:175,0
DA:186,0
DA:196,0
DA:206,0
DA:207,0
DA:217,0
LF:62
LH:0
BRDA:37,0,0,0
BRDA:37,0,1,0
BRDA:47,1,0,0
BRDA:47,1,1,0
BRDA:55,2,0,0
BRDA:55,2,1,0
BRDA:57,3,0,0
BRDA:57,3,1,0
BRDA:58,4,0,0
BRDA:58,4,1,0
BRDA:67,5,0,0
BRDA:67,5,1,0
BRDA:78,6,0,0
BRDA:78,6,1,0
BRDA:79,7,0,0
BRDA:79,7,1,0
BRDA:84,8,0,0
BRDA:106,9,0,0
BRDA:106,9,1,0
BRDA:122,10,0,0
BRDA:122,10,1,0
BRDA:129,11,0,0
BRDA:129,11,1,0
BRDA:131,12,0,0
BRDA:131,12,1,0
BRDA:133,13,0,0
BRDA:133,13,1,0
BRDA:138,14,0,0
BRDA:138,14,1,0
BRDA:149,15,0,0
BRDA:149,15,1,0
BRDA:149,15,2,0
BRDA:149,15,3,0
BRDA:149,15,4,0
BRDA:160,16,0,0
BRDA:160,16,1,0
BRDA:161,17,0,0
BRDA:161,17,1,0
BRDA:161,17,2,0
BRDA:161,17,3,0
BRDA:206,18,0,0
BRDA:206,18,1,0
BRF:42
BRH:0
end_of_record
TN:
SF:src/common/guards/jwt-auth.guard.ts
FN:19,(anonymous_2)
FN:25,(anonymous_3)
FN:74,(anonymous_4)
FN:93,(anonymous_5)
FN:114,(anonymous_6)
FNF:5
FNH:0
FNDA:0,(anonymous_2)
FNDA:0,(anonymous_3)
FNDA:0,(anonymous_4)
FNDA:0,(anonymous_5)
FNDA:0,(anonymous_6)
DA:8,1
DA:9,1
DA:10,1
DA:12,1
DA:13,1
DA:16,1
DA:17,0
DA:20,0
DA:21,0
DA:22,0
DA:27,0
DA:28,0
DA:29,0
DA:32,0
DA:34,0
DA:36,0
DA:38,0
DA:39,0
DA:43,0
DA:46,0
DA:48,0
DA:49,0
DA:53,0
DA:54,0
DA:58,0
DA:60,0
DA:62,0
DA:63,0
DA:66,0
DA:67,0
DA:75,0
DA:77,0
DA:78,0
DA:81,0
DA:83,0
DA:84,0
DA:87,0
DA:94,0
DA:95,0
DA:99,0
DA:100,0
DA:101,0
DA:102,0
DA:104,0
DA:115,0
DA:118,0
DA:122,0
DA:137,0
DA:139,0
DA:140,0
DA:141,0
DA:142,0
DA:145,0
LF:53
LH:6
BRDA:28,0,0,0
BRDA:38,1,0,0
BRDA:48,2,0,0
BRDA:53,3,0,0
BRDA:62,4,0,0
BRDA:77,5,0,0
BRDA:83,6,0,0
BRDA:83,7,0,0
BRDA:83,7,1,0
BRDA:99,8,0,0
BRDA:99,8,1,0
BRDA:101,9,0,0
BRDA:101,9,1,0
BRDA:118,10,0,0
BRDA:118,10,1,0
BRDA:137,11,0,0
BRDA:139,12,0,0
BRDA:139,12,1,0
BRDA:139,13,0,0
BRDA:139,13,1,0
BRDA:139,14,0,0
BRDA:139,14,1,0
BRDA:140,15,0,0
BRDA:140,15,1,0
BRDA:141,16,0,0
BRDA:141,16,1,0
BRF:26
BRH:0
end_of_record
TN:
SF:src/common/guards/roles.guard.ts
FN:20,(anonymous_2)
FN:27,(anonymous_3)
FN:48,(anonymous_4)
FN:66,(anonymous_5)
FN:73,(anonymous_6)
FN:96,(anonymous_7)
FNF:6
FNH:0
FNDA:0,(anonymous_2)
FNDA:0,(anonymous_3)
FNDA:0,(anonymous_4)
FNDA:0,(anonymous_5)
FNDA:0,(anonymous_6)
FNDA:0,(anonymous_7)
DA:8,1
DA:9,1
DA:17,1
DA:18,0
DA:20,0
DA:29,0
DA:32,0
DA:33,0
DA:37,0
DA:38,0
DA:41,0
DA:42,0
DA:43,0
DA:47,0
DA:48,0
DA:50,0
DA:51,0
DA:56,0
DA:65,1
DA:66,0
DA:75,0
DA:81,0
DA:82,0
DA:86,0
DA:87,0
DA:90,0
DA:91,0
DA:95,0
DA:96,0
DA:97,0
DA:100,0
LF:31
LH:4
BRDA:32,0,0,0
BRDA:32,1,0,0
BRDA:32,1,1,0
BRDA:41,2,0,0
BRDA:47,3,0,0
BRDA:47,3,1,0
BRDA:50,4,0,0
BRDA:81,5,0,0
BRDA:81,6,0,0
BRDA:81,6,1,0
BRDA:90,7,0,0
BRDA:95,8,0,0
BRDA:95,8,1,0
BRF:13
BRH:0
end_of_record
TN:
SF:src/common/interceptors/transform.interceptor.ts
FN:20,(anonymous_1)
FN:23,(anonymous_2)
FN:31,(anonymous_3)
FNF:3
FNH:0
FNDA:0,(anonymous_1)
FNDA:0,(anonymous_2)
FNDA:0,(anonymous_3)
DA:8,1
DA:16,1
DA:17,1
DA:20,1
DA:21,0
DA:24,0
DA:25,0
DA:28,0
DA:30,0
DA:32,0
DA:35,0
DA:37,0
DA:38,0
DA:42,0
DA:45,0
DA:48,0
DA:52,0
LF:17
LH:4
BRDA:35,0,0,0
BRDA:35,1,0,0
BRDA:35,1,1,0
BRDA:35,1,2,0
BRDA:35,1,3,0
BRF:5
BRH:0
end_of_record
TN:
SF:src/common/pipes/validation.pipe.ts
FN:16,createValidationPipe
FN:34,(anonymous_2)
FN:46,formatValidationErrors
FN:49,(anonymous_4)
FN:72,(anonymous_5)
FN:94,(anonymous_6)
FN:104,(anonymous_7)
FNF:7
FNH:0
FNDA:0,createValidationPipe
FNDA:0,(anonymous_2)
FNDA:0,formatValidationErrors
FNDA:0,(anonymous_4)
FNDA:0,(anonymous_5)
FNDA:0,(anonymous_6)
FNDA:0,(anonymous_7)
DA:8,0
DA:10,0
DA:16,0
DA:17,0
DA:35,0
DA:36,0
DA:47,0
DA:49,0
DA:50,0
DA:52,0
DA:55,0
DA:57,0
DA:61,0
DA:68,0
DA:71,0
DA:73,0
DA:74,0
DA:78,0
DA:79,0
DA:80,0
DA:81,0
DA:83,0
DA:86,0
DA:96,0
DA:106,0
DA:107,0
LF:26
LH:0
BRDA:50,0,0,0
BRDA:55,1,0,0
BRDA:55,2,0,0
BRDA:55,2,1,0
BRDA:73,3,0,0
BRDA:73,4,0,0
BRDA:73,4,1,0
BRDA:78,5,0,0
BRDA:78,6,0,0
BRDA:78,6,1,0
BRDA:80,7,0,0
BRF:11
BRH:0
end_of_record
TN:
SF:src/common/prisma/prisma.service.ts
FN:19,(anonymous_2)
FN:31,(anonymous_3)
FN:61,(anonymous_4)
FN:75,(anonymous_5)
FN:89,(anonymous_6)
FNF:5
FNH:0
FNDA:0,(anonymous_2)
FNDA:0,(anonymous_3)
FNDA:0,(anonymous_4)
FNDA:0,(anonymous_5)
FNDA:0,(anonymous_6)
DA:7,1
DA:8,1
DA:17,1
DA:21,0
DA:32,0
DA:34,0
DA:35,0
DA:38,0
DA:40,0
DA:41,0
DA:42,0
DA:44,0
DA:48,0
DA:50,0
DA:52,0
DA:53,0
DA:62,0
DA:63,0
DA:64,0
DA:66,0
DA:76,0
DA:77,0
DA:78,0
DA:80,0
DA:81,0
DA:90,0
DA:91,0
DA:95,0
DA:97,0
DA:98,0
LF:30
LH:3
BRDA:38,0,0,0
BRDA:90,1,0,0
BRF:2
BRH:0
end_of_record
TN:
SF:src/common/websocket/index.ts
FNF:0
FNH:0
DA:7,0
DA:8,0
DA:9,0
DA:10,0
LF:4
LH:0
BRF:0
BRH:0
end_of_record
TN:
SF:src/common/websocket/notification.controller.ts
FN:60,(anonymous_4)
FN:70,(anonymous_5)
FN:83,(anonymous_6)
FN:96,(anonymous_7)
FN:112,(anonymous_8)
FN:126,(anonymous_9)
FN:143,(anonymous_10)
FN:158,(anonymous_11)
FN:176,(anonymous_12)
FNF:9
FNH:0
FNDA:0,(anonymous_4)
FNDA:0,(anonymous_5)
FNDA:0,(anonymous_6)
FNDA:0,(anonymous_7)
FNDA:0,(anonymous_8)
FNDA:0,(anonymous_9)
FNDA:0,(anonymous_10)
FNDA:0,(anonymous_11)
FNDA:0,(anonymous_12)
DA:8,0
DA:21,0
DA:22,0
DA:23,0
DA:24,0
DA:25,0
DA:30,0
DA:43,0
DA:59,0
DA:60,0
DA:70,0
DA:71,0
DA:83,0
DA:84,0
DA:85,0
DA:96,0
DA:100,0
DA:101,0
DA:102,0
DA:112,0
DA:113,0
DA:114,0
DA:115,0
DA:126,0
DA:130,0
DA:131,0
DA:132,0
DA:143,0
DA:144,0
DA:145,0
DA:146,0
DA:158,0
DA:159,0
DA:164,0
DA:176,0
DA:177,0
DA:178,0
DA:179,0
LF:38
LH:0
BRDA:162,0,0,0
BRDA:162,0,1,0
BRF:2
BRH:0
end_of_record
TN:
SF:src/common/websocket/websocket.gateway.ts
FN:83,(anonymous_4)
FN:92,(anonymous_5)
FN:100,(anonymous_6)
FN:140,(anonymous_7)
FN:154,(anonymous_8)
FN:174,(anonymous_9)
FN:202,(anonymous_10)
FN:220,(anonymous_11)
FN:234,(anonymous_12)
FN:243,(anonymous_13)
FN:254,(anonymous_14)
FN:284,(anonymous_15)
FN:292,(anonymous_16)
FN:301,(anonymous_17)
FNF:14
FNH:0
FNDA:0,(anonymous_4)
FNDA:0,(anonymous_5)
FNDA:0,(anonymous_6)
FNDA:0,(anonymous_7)
FNDA:0,(anonymous_8)
FNDA:0,(anonymous_9)
FNDA:0,(anonymous_10)
FNDA:0,(anonymous_11)
FNDA:0,(anonymous_12)
FNDA:0,(anonymous_13)
FNDA:0,(anonymous_14)
FNDA:0,(anonymous_15)
FNDA:0,(anonymous_16)
FNDA:0,(anonymous_17)
DA:8,0
DA:18,0
DA:19,0
DA:20,0
DA:21,0
DA:22,0
DA:74,0
DA:78,0
DA:80,0
DA:81,0
DA:84,0
DA:85,0
DA:93,0
DA:101,0
DA:102,0
DA:104,0
DA:105,0
DA:106,0
DA:107,0
DA:110,0
DA:114,0
DA:115,0
DA:116,0
DA:118,0
DA:119,0
DA:122,0
DA:129,0
DA:131,0
DA:132,0
DA:141,0
DA:142,0
DA:143,0
DA:154,0
DA:158,0
DA:161,0
DA:174,0
DA:179,0
DA:182,0
DA:183,0
DA:184,0
DA:188,0
DA:202,0
DA:209,0
DA:221,0
DA:222,0
DA:223,0
DA:224,0
DA:226,0
DA:235,0
DA:244,0
DA:245,0
DA:255,0
DA:260,0
DA:272,0
DA:273,0
DA:276,0
DA:285,0
DA:293,0
DA:302,0
LF:59
LH:0
BRDA:102,0,0,0
BRDA:102,0,1,0
BRDA:104,1,0,0
BRDA:141,2,0,0
BRDA:182,3,0,0
BRDA:182,4,0,0
BRDA:182,4,1,0
BRDA:190,5,0,0
BRDA:190,5,1,0
BRDA:222,6,0,0
BRDA:222,6,1,0
BRF:11
BRH:0
end_of_record
TN:
SF:src/common/websocket/websocket.service.ts
FN:44,(anonymous_2)
FN:54,(anonymous_3)
FN:96,(anonymous_4)
FN:133,(anonymous_5)
FN:158,(anonymous_6)
FN:180,(anonymous_7)
FN:208,(anonymous_8)
FN:219,(anonymous_9)
FN:230,(anonymous_10)
FN:242,(anonymous_11)
FN:252,(anonymous_12)
FN:272,(anonymous_13)
FN:294,(anonymous_14)
FN:317,(anonymous_15)
FN:337,(anonymous_16)
FN:345,(anonymous_17)
FN:354,(anonymous_18)
FNF:17
FNH:0
FNDA:0,(anonymous_2)
FNDA:0,(anonymous_3)
FNDA:0,(anonymous_4)
FNDA:0,(anonymous_5)
FNDA:0,(anonymous_6)
FNDA:0,(anonymous_7)
FNDA:0,(anonymous_8)
FNDA:0,(anonymous_9)
FNDA:0,(anonymous_10)
FNDA:0,(anonymous_11)
FNDA:0,(anonymous_12)
FNDA:0,(anonymous_13)
FNDA:0,(anonymous_14)
FNDA:0,(anonymous_15)
FNDA:0,(anonymous_16)
FNDA:0,(anonymous_17)
FNDA:0,(anonymous_18)
DA:8,0
DA:9,0
DA:10,0
DA:41,0
DA:42,0
DA:45,0
DA:46,0
DA:55,0
DA:57,0
DA:69,0
DA:80,0
DA:82,0
DA:84,0
DA:85,0
DA:102,0
DA:109,0
DA:110,0
DA:112,0
DA:140,0
DA:165,0
DA:181,0
DA:183,0
DA:184,0
DA:187,0
DA:188,0
DA:191,0
DA:192,0
DA:195,0
DA:209,0
DA:220,0
DA:231,0
DA:243,0
DA:253,0
DA:254,0
DA:256,0
DA:263,0
DA:278,0
DA:280,0
DA:281,0
DA:302,0
DA:305,0
DA:316,0
DA:317,0
DA:328,0
DA:330,0
DA:338,0
DA:346,0
DA:355,0
LF:48
LH:0
BRDA:63,0,0,0
BRDA:63,0,1,0
BRDA:77,1,0,0
BRDA:77,1,1,0
BRDA:137,2,0,0
BRDA:183,3,0,0
BRDA:187,4,0,0
BRDA:187,5,0,0
BRDA:187,5,1,0
BRDA:191,6,0,0
BRDA:198,7,0,0
BRDA:198,7,1,0
BRDA:199,8,0,0
BRDA:199,8,1,0
BRDA:275,9,0,0
BRDA:280,10,0,0
BRDA:299,11,0,0
BRDA:302,12,0,0
BRDA:322,13,0,0
BRDA:322,13,1,0
BRF:20
BRH:0
end_of_record
TN:
SF:src/common/websocket/guards/ws-jwt.guard.ts
FN:15,(anonymous_2)
FN:20,(anonymous_3)
FN:58,(anonymous_4)
FNF:3
FNH:0
FNDA:0,(anonymous_2)
FNDA:0,(anonymous_3)
FNDA:0,(anonymous_4)
DA:8,0
DA:9,0
DA:10,0
DA:14,0
DA:16,0
DA:17,0
DA:23,0
DA:24,0
DA:26,0
DA:28,0
DA:30,0
DA:31,0
DA:35,0
DA:40,0
DA:41,0
DA:43,0
DA:45,0
DA:46,0
DA:47,0
DA:48,0
DA:50,0
DA:60,0
DA:61,0
DA:65,0
DA:66,0
DA:70,0
DA:71,0
DA:72,0
DA:73,0
DA:77,0
LF:30
LH:0
BRDA:30,0,0,0
BRDA:45,1,0,0
BRDA:45,1,1,0
BRDA:47,2,0,0
BRDA:47,2,1,0
BRDA:60,3,0,0
BRDA:65,4,0,0
BRDA:70,5,0,0
BRDA:72,6,0,0
BRF:9
BRH:0
end_of_record
TN:
SF:src/modules/main.ts
FN:17,bootstrap
FNF:1
FNH:0
FNDA:0,bootstrap
DA:8,0
DA:9,0
DA:10,0
DA:11,0
DA:12,0
DA:18,0
DA:21,0
DA:24,0
DA:36,0
DA:41,0
DA:49,0
DA:56,0
DA:57,0
DA:64,0
DA:67,0
DA:69,0
DA:78,0
LF:17
LH:0
BRDA:42,0,0,0
BRDA:42,0,1,0
BRDA:64,1,0,0
BRDA:64,1,1,0
BRF:4
BRH:0
end_of_record
TN:
SF:src/modules/auth/auth.controller.ts
FN:37,(anonymous_4)
FN:51,(anonymous_5)
FN:67,(anonymous_6)
FN:83,(anonymous_7)
FN:101,(anonymous_8)
FN:119,(anonymous_9)
FN:134,(anonymous_10)
FN:150,(anonymous_11)
FN:171,(anonymous_12)
FNF:9
FNH:0
FNDA:0,(anonymous_4)
FNDA:0,(anonymous_5)
FNDA:0,(anonymous_6)
FNDA:0,(anonymous_7)
FNDA:0,(anonymous_8)
FNDA:0,(anonymous_9)
FNDA:0,(anonymous_10)
FNDA:0,(anonymous_11)
FNDA:0,(anonymous_12)
DA:8,0
DA:20,0
DA:21,0
DA:22,0
DA:23,0
DA:24,0
DA:25,0
DA:26,0
DA:27,0
DA:36,0
DA:37,0
DA:51,0
DA:52,0
DA:53,0
DA:67,0
DA:68,0
DA:69,0
DA:83,0
DA:86,0
DA:87,0
DA:101,0
DA:104,0
DA:105,0
DA:119,0
DA:120,0
DA:121,0
DA:134,0
DA:135,0
DA:136,0
DA:150,0
DA:151,0
DA:171,0
DA:172,0
DA:173,0
LF:34
LH:0
BRF:0
BRH:0
end_of_record
TN:
SF:src/modules/auth/auth.service.ts
FN:28,(anonymous_2)
FN:39,(anonymous_3)
FN:98,(anonymous_4)
FN:158,(anonymous_5)
FN:201,(anonymous_6)
FN:223,(anonymous_7)
FN:240,(anonymous_8)
FN:275,(anonymous_9)
FN:294,(anonymous_10)
FN:328,(anonymous_11)
FN:342,(anonymous_12)
FN:351,(anonymous_13)
FN:361,(anonymous_14)
FNF:13
FNH:0
FNDA:0,(anonymous_2)
FNDA:0,(anonymous_3)
FNDA:0,(anonymous_4)
FNDA:0,(anonymous_5)
FNDA:0,(anonymous_6)
FNDA:0,(anonymous_7)
FNDA:0,(anonymous_8)
FNDA:0,(anonymous_9)
FNDA:0,(anonymous_10)
FNDA:0,(anonymous_11)
FNDA:0,(anonymous_12)
FNDA:0,(anonymous_13)
FNDA:0,(anonymous_14)
DA:8,0
DA:9,0
DA:10,0
DA:12,0
DA:13,0
DA:20,0
DA:21,0
DA:25,0
DA:26,0
DA:29,0
DA:30,0
DA:31,0
DA:40,0
DA:42,0
DA:47,0
DA:48,0
DA:52,0
DA:54,0
DA:55,0
DA:59,0
DA:60,0
DA:64,0
DA:66,0
DA:68,0
DA:82,0
DA:85,0
DA:88,0
DA:89,0
DA:99,0
DA:101,0
DA:106,0
DA:107,0
DA:111,0
DA:112,0
DA:113,0
DA:117,0
DA:125,0
DA:127,0
DA:129,0
DA:143,0
DA:145,0
DA:148,0
DA:149,0
DA:159,0
DA:161,0
DA:166,0
DA:168,0
DA:169,0
DA:173,0
DA:175,0
DA:177,0
DA:191,0
DA:192,0
DA:202,0
DA:203,0
DA:206,0
DA:209,0
DA:211,0
DA:213,0
DA:214,0
DA:224,0
DA:226,0
DA:228,0
DA:230,0
DA:231,0
DA:241,0
DA:242,0
DA:256,0
DA:257,0
DA:260,0
DA:262,0
DA:263,0
DA:264,0
DA:266,0
DA:276,0
DA:277,0
DA:282,0
DA:284,0
DA:285,0
DA:298,0
DA:305,0
DA:316,0
DA:334,0
DA:335,0
DA:343,0
DA:353,0
DA:362,0
DA:363,0
DA:367,0
DA:368,0
LF:90
LH:0
BRDA:47,0,0,0
BRDA:54,1,0,0
BRDA:59,2,0,0
BRDA:82,3,0,0
BRDA:82,4,0,0
BRDA:82,4,1,0
BRDA:82,4,2,0
BRDA:106,5,0,0
BRDA:112,6,0,0
BRDA:143,7,0,0
BRDA:143,8,0,0
BRDA:143,8,1,0
BRDA:168,9,0,0
BRDA:168,10,0,0
BRDA:168,10,1,0
BRDA:256,11,0,0
BRDA:263,12,0,0
BRF:17
BRH:0
end_of_record
TN:
SF:src/modules/auth/strategies/jwt.strategy.ts
FN:7,(anonymous_2)
FN:19,(anonymous_3)
FNF:2
FNH:0
FNDA:0,(anonymous_2)
FNDA:0,(anonymous_3)
DA:1,0
DA:2,0
DA:3,0
DA:6,0
DA:8,0
DA:9,0
DA:10,0
DA:12,0
DA:21,0
LF:9
LH:0
BRDA:9,0,0,0
BRF:1
BRH:0
end_of_record
TN:
SF:src/modules/bookings/bookings.controller.ts
FN:55,(anonymous_4)
FN:73,(anonymous_5)
FN:102,(anonymous_6)
FN:140,(anonymous_7)
FN:178,(anonymous_8)
FN:216,(anonymous_9)
FN:248,(anonymous_10)
FN:289,(anonymous_11)
FNF:8
FNH:7
FNDA:11,(anonymous_4)
FNDA:2,(anonymous_5)
FNDA:2,(anonymous_6)
FNDA:2,(anonymous_7)
FNDA:2,(anonymous_8)
FNDA:2,(anonymous_9)
FNDA:0,(anonymous_10)
FNDA:1,(anonymous_11)
DA:8,1
DA:25,1
DA:26,1
DA:27,1
DA:28,1
DA:29,1
DA:30,1
DA:31,1
DA:39,1
DA:40,1
DA:41,1
DA:52,1
DA:53,11
DA:55,11
DA:73,1
DA:77,2
DA:80,2
DA:81,1
DA:84,2
DA:102,1
DA:106,2
DA:107,2
DA:108,2
DA:111,2
DA:112,2
DA:113,2
DA:116,2
DA:117,2
DA:118,2
DA:119,2
DA:121,0
DA:122,0
DA:140,1
DA:144,2
DA:146,2
DA:149,2
DA:150,1
DA:154,1
DA:155,0
DA:158,1
DA:178,1
DA:183,2
DA:186,2
DA:188,2
DA:189,1
DA:192,1
DA:193,0
DA:197,1
DA:200,1
DA:202,1
DA:216,1
DA:220,2
DA:223,2
DA:225,2
DA:226,1
DA:229,1
DA:230,0
DA:233,1
DA:248,1
DA:252,0
DA:255,0
DA:256,0
DA:259,0
DA:261,0
DA:262,0
DA:263,0
DA:266,0
DA:267,0
DA:269,0
DA:270,0
DA:272,0
DA:289,1
DA:292,1
DA:294,1
DA:295,1
LF:75
LH:58
BRDA:80,0,0,1
BRDA:111,1,0,2
BRDA:149,2,0,1
BRDA:154,3,0,0
BRDA:154,4,0,1
BRDA:154,4,1,1
BRDA:188,5,0,1
BRDA:192,6,0,0
BRDA:192,7,0,1
BRDA:192,7,1,1
BRDA:225,8,0,1
BRDA:229,9,0,0
BRDA:229,10,0,1
BRDA:229,10,1,1
BRDA:255,11,0,0
BRDA:255,12,0,0
BRDA:255,12,1,0
BRDA:262,13,0,0
BRDA:262,14,0,0
BRDA:262,14,1,0
BRDA:269,15,0,0
BRF:21
BRH:11
end_of_record
TN:
SF:src/modules/bookings/bookings.service.ts
FN:32,(anonymous_2)
FN:39,(anonymous_3)
FN:129,(anonymous_4)
FN:159,(anonymous_5)
FN:232,(anonymous_6)
FN:292,(anonymous_7)
FN:347,(anonymous_8)
FN:380,(anonymous_9)
FN:393,(anonymous_10)
FN:453,(anonymous_11)
FN:475,(anonymous_12)
FNF:11
FNH:9
FNDA:15,(anonymous_2)
FNDA:6,(anonymous_3)
FNDA:3,(anonymous_4)
FNDA:2,(anonymous_5)
FNDA:0,(anonymous_6)
FNDA:2,(anonymous_7)
FNDA:1,(anonymous_8)
FNDA:0,(anonymous_9)
FNDA:2,(anonymous_10)
FNDA:1,(anonymous_11)
FNDA:4,(anonymous_12)
DA:8,2
DA:9,2
DA:10,2
DA:19,2
DA:26,2
DA:29,2
DA:30,15
DA:32,15
DA:40,6
DA:42,6
DA:46,5
DA:47,1
DA:51,4
DA:52,1
DA:56,3
DA:57,3
DA:67,3
DA:68,1
DA:72,2
DA:73,2
DA:84,2
DA:85,1
DA:90,1
DA:93,1
DA:112,1
DA:114,5
DA:117,4
DA:119,1
DA:120,1
DA:130,3
DA:131,3
DA:139,2
DA:140,1
DA:143,1
DA:145,2
DA:146,1
DA:148,1
DA:149,1
DA:160,2
DA:161,2
DA:164,2
DA:168,2
DA:169,1
DA:170,1
DA:173,1
DA:176,1
DA:177,1
DA:179,1
DA:180,1
DA:182,1
DA:183,1
DA:184,1
DA:186,1
DA:187,0
DA:188,0
DA:190,1
DA:191,0
DA:192,0
DA:194,1
DA:195,0
DA:196,0
DA:198,1
DA:199,1
DA:200,1
DA:203,1
DA:206,1
DA:215,1
DA:216,1
DA:218,1
DA:219,1
DA:220,1
DA:222,0
DA:233,0
DA:235,0
DA:243,0
DA:244,0
DA:248,0
DA:249,0
DA:253,0
DA:254,0
DA:257,0
DA:258,0
DA:262,0
DA:275,0
DA:277,0
DA:280,0
DA:282,0
DA:283,0
DA:293,2
DA:294,2
DA:296,2
DA:297,2
DA:298,2
DA:300,2
DA:303,2
DA:305,2
DA:306,2
DA:309,2
DA:310,2
DA:313,2
DA:314,0
DA:317,2
DA:318,0
DA:319,0
DA:320,0
DA:322,0
DA:323,0
DA:327,2
DA:330,2
DA:331,2
DA:334,2
DA:345,1
DA:347,1
DA:348,1
DA:349,1
DA:351,0
DA:352,0
DA:355,1
DA:358,1
DA:366,1
DA:367,1
DA:369,1
DA:370,1
DA:381,0
DA:382,0
DA:384,0
DA:385,0
DA:394,2
DA:395,2
DA:396,2
DA:397,2
DA:398,2
DA:399,2
DA:410,2
DA:433,1
DA:444,1
DA:445,1
DA:454,1
DA:455,1
DA:458,1
DA:466,1
DA:467,1
DA:478,4
DA:480,2
DA:481,2
DA:483,2
DA:484,2
DA:486,0
DA:487,0
DA:489,0
DA:490,0
DA:492,0
DA:495,4
LF:153
LH:113
BRDA:46,0,0,1
BRDA:51,1,0,1
BRDA:67,2,0,1
BRDA:72,3,0,2
BRDA:84,4,0,1
BRDA:114,5,0,4
BRDA:114,6,0,5
BRDA:114,6,1,4
BRDA:114,6,2,1
BRDA:139,7,0,1
BRDA:145,8,0,1
BRDA:168,9,0,1
BRDA:177,10,0,1
BRDA:182,11,0,1
BRDA:186,12,0,0
BRDA:190,13,0,0
BRDA:194,14,0,0
BRDA:198,15,0,1
BRDA:219,16,0,1
BRDA:243,17,0,0
BRDA:248,18,0,0
BRDA:248,19,0,0
BRDA:248,19,1,0
BRDA:248,19,2,0
BRDA:253,20,0,0
BRDA:257,21,0,0
BRDA:277,22,0,0
BRDA:277,23,0,0
BRDA:277,23,1,0
BRDA:277,23,2,0
BRDA:294,24,0,0
BRDA:294,25,0,0
BRDA:296,26,0,0
BRDA:296,26,1,2
BRDA:297,27,0,0
BRDA:297,27,1,2
BRDA:305,28,0,2
BRDA:309,29,0,2
BRDA:313,30,0,0
BRDA:317,31,0,0
BRDA:317,32,0,2
BRDA:317,32,1,2
BRDA:319,33,0,0
BRDA:322,34,0,0
BRDA:478,35,0,2
BRDA:478,35,1,2
BRDA:478,35,2,0
BRDA:478,35,3,0
BRDA:478,35,4,0
BRDA:507,36,0,4
BRDA:507,36,1,4
BRDA:508,37,0,4
BRDA:508,37,1,4
BRDA:514,38,0,4
BRDA:514,38,1,0
BRDA:518,39,0,4
BRDA:518,39,1,0
BRF:57
BRH:30
end_of_record
TN:
SF:src/modules/prisma/prisma.service.ts
FN:15,(anonymous_2)
FN:28,(anonymous_3)
FN:37,(anonymous_4)
FN:45,(anonymous_5)
FN:58,(anonymous_6)
FN:71,(anonymous_7)
FN:91,(anonymous_8)
FN:111,(anonymous_9)
FN:137,(anonymous_10)
FN:151,(anonymous_11)
FNF:10
FNH:0
FNDA:0,(anonymous_2)
FNDA:0,(anonymous_3)
FNDA:0,(anonymous_4)
FNDA:0,(anonymous_5)
FNDA:0,(anonymous_6)
FNDA:0,(anonymous_7)
FNDA:0,(anonymous_8)
FNDA:0,(anonymous_9)
FNDA:0,(anonymous_10)
FNDA:0,(anonymous_11)
DA:8,5
DA:9,5
DA:12,5
DA:13,0
DA:16,0
DA:28,0
DA:29,0
DA:30,0
DA:31,0
DA:32,0
DA:37,0
DA:38,0
DA:46,0
DA:47,0
DA:48,0
DA:50,0
DA:51,0
DA:59,0
DA:60,0
DA:61,0
DA:63,0
DA:72,0
DA:73,0
DA:74,0
DA:79,0
DA:80,0
DA:92,0
DA:93,0
DA:96,0
DA:109,0
DA:111,0
DA:113,0
DA:116,0
DA:117,0
DA:121,0
DA:124,0
DA:126,0
DA:127,0
DA:138,0
DA:139,0
DA:140,0
DA:142,0
DA:143,0
DA:156,0
DA:158,0
DA:168,0
DA:173,0
DA:177,0
DA:183,0
DA:184,0
LF:50
LH:3
BRDA:29,0,0,0
BRDA:92,1,0,0
BRDA:178,2,0,0
BRDA:178,2,1,0
BRDA:179,3,0,0
BRDA:179,3,1,0
BRDA:180,4,0,0
BRDA:180,4,1,0
BRF:8
BRH:0
end_of_record
TN:
SF:src/modules/system/controllers/index.ts
FNF:0
FNH:0
DA:1,0
LF:1
LH:0
BRF:0
BRH:0
end_of_record
TN:
SF:src/modules/system/controllers/system.controller.ts
FN:40,(anonymous_4)
FN:52,(anonymous_5)
FN:67,(anonymous_6)
FN:81,(anonymous_7)
FN:94,(anonymous_8)
FNF:5
FNH:0
FNDA:0,(anonymous_4)
FNDA:0,(anonymous_5)
FNDA:0,(anonymous_6)
FNDA:0,(anonymous_7)
FNDA:0,(anonymous_8)
DA:8,0
DA:17,0
DA:18,0
DA:19,0
DA:20,0
DA:21,0
DA:22,0
DA:27,0
DA:39,0
DA:41,0
DA:42,0
DA:52,0
DA:53,0
DA:67,0
DA:71,0
DA:81,0
DA:82,0
DA:94,0
DA:95,0
LF:19
LH:0
BRF:0
BRH:0
end_of_record
TN:
SF:src/modules/system/services/index.ts
FNF:0
FNH:0
DA:1,0
DA:2,0
LF:2
LH:0
BRF:0
BRH:0
end_of_record
TN:
SF:src/modules/system/services/reports.service.ts
FN:13,(anonymous_2)
FN:19,(anonymous_3)
FN:74,(anonymous_4)
FNF:3
FNH:0
FNDA:0,(anonymous_2)
FNDA:0,(anonymous_3)
FNDA:0,(anonymous_4)
DA:8,0
DA:9,0
DA:12,0
DA:13,0
DA:29,0
DA:58,0
DA:83,0
DA:99,0
LF:8
LH:0
BRF:0
BRH:0
end_of_record
TN:
SF:src/modules/system/services/settings.service.ts
FN:13,(anonymous_2)
FN:19,(anonymous_3)
FN:28,(anonymous_4)
FN:40,(anonymous_5)
FN:58,(anonymous_6)
FNF:5
FNH:0
FNDA:0,(anonymous_2)
FNDA:0,(anonymous_3)
FNDA:0,(anonymous_4)
FNDA:0,(anonymous_5)
FNDA:0,(anonymous_6)
DA:8,0
DA:9,0
DA:12,0
DA:13,0
DA:20,0
DA:29,0
DA:41,0
DA:59,0
LF:8
LH:0
BRF:0
BRH:0
end_of_record
TN:
SF:src/modules/time-slots/time-slots.controller.ts
FN:23,(anonymous_4)
FN:37,(anonymous_5)
FN:49,(anonymous_6)
FN:62,(anonymous_7)
FN:80,(anonymous_8)
FN:97,(anonymous_9)
FN:110,(anonymous_10)
FNF:7
FNH:0
FNDA:0,(anonymous_4)
FNDA:0,(anonymous_5)
FNDA:0,(anonymous_6)
FNDA:0,(anonymous_7)
FNDA:0,(anonymous_8)
FNDA:0,(anonymous_9)
FNDA:0,(anonymous_10)
DA:8,0
DA:9,0
DA:10,0
DA:11,0
DA:12,0
DA:13,0
DA:14,0
DA:15,0
DA:16,0
DA:22,0
DA:23,0
DA:37,0
DA:38,0
DA:49,0
DA:50,0
DA:62,0
DA:63,0
DA:80,0
DA:81,0
DA:97,0
DA:98,0
DA:110,0
DA:111,0
LF:23
LH:0
BRF:0
BRH:0
end_of_record
TN:
SF:src/modules/time-slots/time-slots.service.ts
FN:16,(anonymous_2)
FN:23,(anonymous_3)
FN:54,(anonymous_4)
FN:76,(anonymous_5)
FN:87,(anonymous_6)
FN:112,(anonymous_7)
FN:155,(anonymous_8)
FN:181,(anonymous_9)
FN:196,(anonymous_10)
FN:231,(anonymous_11)
FN:251,(anonymous_12)
FNF:11
FNH:0
FNDA:0,(anonymous_2)
FNDA:0,(anonymous_3)
FNDA:0,(anonymous_4)
FNDA:0,(anonymous_5)
FNDA:0,(anonymous_6)
FNDA:0,(anonymous_7)
FNDA:0,(anonymous_8)
FNDA:0,(anonymous_9)
FNDA:0,(anonymous_10)
FNDA:0,(anonymous_11)
FNDA:0,(anonymous_12)
DA:8,0
DA:9,0
DA:11,0
DA:15,0
DA:16,0
DA:24,0
DA:26,0
DA:32,0
DA:33,0
DA:36,0
DA:40,0
DA:42,0
DA:43,0
DA:45,0
DA:55,0
DA:56,0
DA:58,0
DA:59,0
DA:61,0
DA:62,0
DA:64,0
DA:65,0
DA:67,0
DA:68,0
DA:71,0
DA:76,0
DA:78,0
DA:88,0
DA:89,0
DA:93,0
DA:94,0
DA:97,0
DA:99,0
DA:100,0
DA:102,0
DA:113,0
DA:115,0
DA:119,0
DA:120,0
DA:124,0
DA:125,0
DA:132,0
DA:133,0
DA:137,0
DA:142,0
DA:144,0
DA:145,0
DA:147,0
DA:156,0
DA:157,0
DA:161,0
DA:162,0
DA:165,0
DA:169,0
DA:170,0
DA:172,0
DA:182,0
DA:183,0
DA:187,0
DA:188,0
DA:191,0
DA:196,0
DA:198,0
DA:206,0
DA:207,0
DA:208,0
DA:210,0
DA:220,0
DA:232,0
DA:233,0
DA:236,0
DA:237,0
DA:238,0
DA:239,0
DA:240,0
DA:242,0
DA:252,0
LF:77
LH:0
BRDA:32,0,0,0
BRDA:42,1,0,0
BRDA:58,2,0,0
BRDA:61,3,0,0
BRDA:64,4,0,0
BRDA:67,5,0,0
BRDA:93,6,0,0
BRDA:99,7,0,0
BRDA:119,8,0,0
BRDA:124,9,0,0
BRDA:124,10,0,0
BRDA:124,10,1,0
BRDA:132,11,0,0
BRDA:144,12,0,0
BRDA:144,13,0,0
BRDA:144,13,1,0
BRDA:161,14,0,0
BRDA:169,15,0,0
BRDA:187,16,0,0
BRDA:208,17,0,0
BRDA:208,17,1,0
BRDA:232,18,0,0
BRDA:237,19,0,0
BRDA:237,19,1,0
BRDA:239,20,0,0
BRDA:239,20,1,0
BRF:26
BRH:0
end_of_record
TN:
SF:src/modules/users/users.controller.ts
FN:37,(anonymous_4)
FN:54,(anonymous_5)
FN:78,(anonymous_6)
FN:100,(anonymous_7)
FN:123,(anonymous_8)
FN:145,(anonymous_9)
FN:165,(anonymous_10)
FN:185,(anonymous_11)
FNF:8
FNH:0
FNDA:0,(anonymous_4)
FNDA:0,(anonymous_5)
FNDA:0,(anonymous_6)
FNDA:0,(anonymous_7)
FNDA:0,(anonymous_8)
FNDA:0,(anonymous_9)
FNDA:0,(anonymous_10)
FNDA:0,(anonymous_11)
DA:8,0
DA:22,0
DA:23,0
DA:24,0
DA:25,0
DA:26,0
DA:27,0
DA:28,0
DA:29,0
DA:36,0
DA:37,0
DA:54,0
DA:58,0
DA:59,0
DA:78,0
DA:82,0
DA:83,0
DA:100,0
DA:103,0
DA:104,0
DA:123,0
DA:128,0
DA:129,0
DA:145,0
DA:149,0
DA:150,0
DA:165,0
DA:168,0
DA:169,0
DA:185,0
DA:186,0
DA:187,0
LF:32
LH:0
BRF:0
BRH:0
end_of_record
TN:
SF:src/modules/users/users.service.ts
FN:24,(anonymous_2)
FN:31,(anonymous_3)
FN:70,(anonymous_4)
FN:96,(anonymous_5)
FN:109,(anonymous_6)
FN:120,(anonymous_7)
FN:171,(anonymous_8)
FN:204,(anonymous_9)
FN:254,(anonymous_10)
FN:269,(anonymous_11)
FN:343,(anonymous_12)
FN:352,(anonymous_13)
FN:364,(anonymous_14)
FNF:13
FNH:11
FNDA:23,(anonymous_2)
FNDA:6,(anonymous_3)
FNDA:5,(anonymous_4)
FNDA:0,(anonymous_5)
FNDA:0,(anonymous_6)
FNDA:5,(anonymous_7)
FNDA:7,(anonymous_8)
FNDA:3,(anonymous_9)
FNDA:5,(anonymous_10)
FNDA:2,(anonymous_11)
FNDA:12,(anonymous_12)
FNDA:4,(anonymous_13)
FNDA:11,(anonymous_14)
DA:8,3
DA:9,3
DA:13,3
DA:18,3
DA:21,3
DA:22,23
DA:24,23
DA:32,6
DA:34,6
DA:38,6
DA:39,3
DA:43,3
DA:53,2
DA:54,2
DA:56,4
DA:57,3
DA:60,1
DA:61,1
DA:71,5
DA:72,5
DA:76,5
DA:77,3
DA:80,2
DA:82,3
DA:83,3
DA:86,0
DA:87,0
DA:97,0
DA:101,0
DA:110,0
DA:111,0
DA:121,5
DA:124,5
DA:128,5
DA:129,3
DA:133,2
DA:134,1
DA:135,1
DA:142,1
DA:143,0
DA:148,2
DA:149,2
DA:150,2
DA:151,1
DA:152,1
DA:154,2
DA:155,2
DA:156,2
DA:159,2
DA:164,2
DA:172,7
DA:174,7
DA:178,7
DA:179,3
DA:183,4
DA:187,2
DA:189,5
DA:190,3
DA:193,2
DA:194,2
DA:210,3
DA:212,3
DA:214,3
DA:215,1
DA:218,3
DA:219,1
DA:222,3
DA:223,1
DA:226,3
DA:227,1
DA:230,3
DA:231,0
DA:232,0
DA:233,0
DA:235,0
DA:236,0
DA:241,3
DA:244,3
DA:253,3
DA:254,5
DA:260,0
DA:261,0
DA:270,2
DA:273,2
DA:276,2
DA:280,2
DA:284,2
DA:289,2
DA:293,2
DA:298,2
DA:301,2
DA:306,2
DA:307,2
DA:308,2
DA:309,2
DA:311,2
DA:315,2
DA:319,2
DA:323,2
DA:344,12
DA:353,4
DA:354,0
DA:356,4
DA:365,11
LF:104
LH:89
BRDA:38,0,0,3
BRDA:48,1,0,3
BRDA:48,1,1,0
BRDA:49,2,0,3
BRDA:49,2,1,1
BRDA:56,3,0,3
BRDA:76,4,0,3
BRDA:82,5,0,3
BRDA:101,6,0,0
BRDA:101,6,1,0
BRDA:128,7,0,3
BRDA:133,8,0,1
BRDA:142,9,0,0
BRDA:149,10,0,2
BRDA:150,11,0,1
BRDA:154,12,0,1
BRDA:155,13,0,1
BRDA:156,14,0,0
BRDA:178,15,0,3
BRDA:189,16,0,3
BRDA:214,17,0,1
BRDA:218,18,0,1
BRDA:222,19,0,1
BRDA:226,20,0,1
BRDA:230,21,0,0
BRDA:230,22,0,3
BRDA:230,22,1,3
BRDA:232,23,0,0
BRDA:235,24,0,0
BRDA:249,25,0,3
BRDA:249,25,1,3
BRDA:249,26,0,3
BRDA:249,26,1,3
BRDA:353,27,0,0
BRF:34
BRH:25
end_of_record
TN:
SF:src/modules/users/controllers/user-avatar.controller.ts
FN:28,(anonymous_4)
FN:41,(anonymous_5)
FNF:2
FNH:0
FNDA:0,(anonymous_4)
FNDA:0,(anonymous_5)
DA:8,0
DA:16,0
DA:17,0
DA:18,0
DA:19,0
DA:20,0
DA:21,0
DA:27,0
DA:28,0
DA:41,0
DA:45,0
DA:46,0
DA:49,0
LF:13
LH:0
BRDA:45,0,0,0
BRF:1
BRH:0
end_of_record
TN:
SF:src/test/setup.ts
FN:21,(anonymous_0)
FN:23,(anonymous_1)
FN:55,(anonymous_2)
FN:60,(anonymous_3)
FNF:4
FNH:0
FNDA:0,(anonymous_0)
FNDA:0,(anonymous_1)
FNDA:0,(anonymous_2)
FNDA:0,(anonymous_3)
DA:8,0
DA:11,0
DA:14,0
DA:15,0
DA:18,0
DA:21,0
DA:22,0
DA:23,0
DA:55,0
DA:56,0
DA:60,0
DA:61,0
LF:12
LH:0
BRDA:15,0,0,0
BRDA:15,0,1,0
BRF:2
BRH:0
end_of_record
